Looking for git in: git
Using git 2.25.1 from git
> git rev-parse --git-dir
Open repository: /home/damian/angular
> git status -z -u
> git symbolic-ref --short HEAD
> git rev-parse master
fatal: argumento ambiguo 'master': revisión desconocida o ruta fuera del árbol de trabajo.
Use '--' para separar las rutas de las revisiones, de esta manera:
'git <comando> [<revisión>...] -- [<archivo>...]'
> git for-each-ref --sort -committerdate --format %(refname) %(objectname)
> git remote --verbose
> git config --get commit.template
> git check-ignore -v -z --stdin
> git status -z -u
> git symbolic-ref --short HEAD
> git rev-parse master
fatal: argumento ambiguo 'master': revisión desconocida o ruta fuera del árbol de trabajo.
Use '--' para separar las rutas de las revisiones, de esta manera:
'git <comando> [<revisión>...] -- [<archivo>...]'
> git for-each-ref --sort -committerdate --format %(refname) %(objectname)
> git remote --verbose
> git config --get commit.template
> git check-ignore -v -z --stdin
> git status -z -u
> git symbolic-ref --short HEAD
> git rev-parse master
fatal: argumento ambiguo 'master': revisión desconocida o ruta fuera del árbol de trabajo.
Use '--' para separar las rutas de las revisiones, de esta manera:
'git <comando> [<revisión>...] -- [<archivo>...]'
> git for-each-ref --sort -committerdate --format %(refname) %(objectname)
> git remote --verbose
> git config --get commit.template
> git check-ignore -v -z --stdin
> git check-ignore -v -z --stdin
> git status -z -u
> git symbolic-ref --short HEAD
> git rev-parse master
fatal: argumento ambiguo 'master': revisión desconocida o ruta fuera del árbol de trabajo.
Use '--' para separar las rutas de las revisiones, de esta manera:
'git <comando> [<revisión>...] -- [<archivo>...]'
> git for-each-ref --sort -committerdate --format %(refname) %(objectname)
> git remote --verbose
> git config --get commit.template
> git status -z -u
> git symbolic-ref --short HEAD
> git rev-parse master
fatal: argumento ambiguo 'master': revisión desconocida o ruta fuera del árbol de trabajo.
Use '--' para separar las rutas de las revisiones, de esta manera:
'git <comando> [<revisión>...] -- [<archivo>...]'
> git for-each-ref --sort -committerdate --format %(refname) %(objectname)
> git remote --verbose
> git config --get commit.template
> git check-ignore -v -z --stdin
> git show --textconv :angular-node/server/package.json
> git ls-files --stage -- /home/damian/angular/angular-node/server/package.json
> git status -z -u
> git symbolic-ref --short HEAD
> git rev-parse master
fatal: argumento ambiguo 'master': revisión desconocida o ruta fuera del árbol de trabajo.
Use '--' para separar las rutas de las revisiones, de esta manera:
'git <comando> [<revisión>...] -- [<archivo>...]'
> git for-each-ref --sort -committerdate --format %(refname) %(objectname)
> git remote --verbose
> git config --get commit.template
> git check-ignore -v -z --stdin
> git status -z -u
> git symbolic-ref --short HEAD
> git rev-parse master
fatal: argumento ambiguo 'master': revisión desconocida o ruta fuera del árbol de trabajo.
Use '--' para separar las rutas de las revisiones, de esta manera:
'git <comando> [<revisión>...] -- [<archivo>...]'
> git for-each-ref --sort -committerdate --format %(refname) %(objectname)
> git remote --verbose
> git config --get commit.template
> git status -z -u
> git symbolic-ref --short HEAD
> git rev-parse master
fatal: argumento ambiguo 'master': revisión desconocida o ruta fuera del árbol de trabajo.
Use '--' para separar las rutas de las revisiones, de esta manera:
'git <comando> [<revisión>...] -- [<archivo>...]'
> git for-each-ref --sort -committerdate --format %(refname) %(objectname)
> git remote --verbose
> git config --get commit.template
> git status -z -u
> git symbolic-ref --short HEAD
> git rev-parse master
fatal: argumento ambiguo 'master': revisión desconocida o ruta fuera del árbol de trabajo.
Use '--' para separar las rutas de las revisiones, de esta manera:
'git <comando> [<revisión>...] -- [<archivo>...]'
> git for-each-ref --sort -committerdate --format %(refname) %(objectname)
> git remote --verbose
> git config --get commit.template
> git status -z -u
> git symbolic-ref --short HEAD
> git rev-parse master
fatal: argumento ambiguo 'master': revisión desconocida o ruta fuera del árbol de trabajo.
Use '--' para separar las rutas de las revisiones, de esta manera:
'git <comando> [<revisión>...] -- [<archivo>...]'
> git for-each-ref --sort -committerdate --format %(refname) %(objectname)
> git remote --verbose
> git config --get commit.template
> git check-ignore -v -z --stdin
> git status -z -u
> git symbolic-ref --short HEAD
> git rev-parse master
fatal: argumento ambiguo 'master': revisión desconocida o ruta fuera del árbol de trabajo.
Use '--' para separar las rutas de las revisiones, de esta manera:
'git <comando> [<revisión>...] -- [<archivo>...]'
> git for-each-ref --sort -committerdate --format %(refname) %(objectname)
> git remote --verbose
> git config --get commit.template
> git check-ignore -v -z --stdin
> git show --textconv :angular-node/server/package.json
> git ls-files --stage -- /home/damian/angular/angular-node/server/package.json
> git show --textconv :angular-node/server/package-lock.json
> git ls-files --stage -- /home/damian/angular/angular-node/server/package-lock.json
> git show --textconv :angular-node/server/src/index.ts
> git ls-files --stage -- /home/damian/angular/angular-node/server/src/index.ts
> git check-ignore -v -z --stdin
> git status -z -u
> git symbolic-ref --short HEAD
> git rev-parse master
fatal: argumento ambiguo 'master': revisión desconocida o ruta fuera del árbol de trabajo.
Use '--' para separar las rutas de las revisiones, de esta manera:
'git <comando> [<revisión>...] -- [<archivo>...]'
> git for-each-ref --sort -committerdate --format %(refname) %(objectname)
> git remote --verbose
> git config --get commit.template
> git status -z -u
> git symbolic-ref --short HEAD
> git rev-parse master
fatal: argumento ambiguo 'master': revisión desconocida o ruta fuera del árbol de trabajo.
Use '--' para separar las rutas de las revisiones, de esta manera:
'git <comando> [<revisión>...] -- [<archivo>...]'
> git for-each-ref --sort -committerdate --format %(refname) %(objectname)
> git remote --verbose
> git config --get commit.template
> git status -z -u
> git symbolic-ref --short HEAD
> git rev-parse master
fatal: argumento ambiguo 'master': revisión desconocida o ruta fuera del árbol de trabajo.
Use '--' para separar las rutas de las revisiones, de esta manera:
'git <comando> [<revisión>...] -- [<archivo>...]'
> git for-each-ref --sort -committerdate --format %(refname) %(objectname)
> git remote --verbose
> git config --get commit.template
> git check-ignore -v -z --stdin
> git show --textconv :angular-node/server/src/tsconfig.json
> git ls-files --stage -- /home/damian/angular/angular-node/server/src/tsconfig.json
> git status -z -u
> git symbolic-ref --short HEAD
> git rev-parse master
fatal: argumento ambiguo 'master': revisión desconocida o ruta fuera del árbol de trabajo.
Use '--' para separar las rutas de las revisiones, de esta manera:
'git <comando> [<revisión>...] -- [<archivo>...]'
> git for-each-ref --sort -committerdate --format %(refname) %(objectname)
> git remote --verbose
> git config --get commit.template
> git status -z -u
> git symbolic-ref --short HEAD
> git rev-parse master
fatal: argumento ambiguo 'master': revisión desconocida o ruta fuera del árbol de trabajo.
Use '--' para separar las rutas de las revisiones, de esta manera:
'git <comando> [<revisión>...] -- [<archivo>...]'
> git for-each-ref --sort -committerdate --format %(refname) %(objectname)
> git remote --verbose
> git config --get commit.template
> git status -z -u
> git check-ignore -v -z --stdin
> git symbolic-ref --short HEAD
> git rev-parse master
fatal: argumento ambiguo 'master': revisión desconocida o ruta fuera del árbol de trabajo.
Use '--' para separar las rutas de las revisiones, de esta manera:
'git <comando> [<revisión>...] -- [<archivo>...]'
> git for-each-ref --sort -committerdate --format %(refname) %(objectname)
> git remote --verbose
> git config --get commit.template
> git check-ignore -v -z --stdin
> git show --textconv :angular-node/server/src/build/index.js
> git ls-files --stage -- /home/damian/angular/angular-node/server/src/build/index.js
> git show --textconv :angular-node/server/src/index.ts
> git ls-files --stage -- /home/damian/angular/angular-node/server/src/index.ts
> git status -z -u
> git symbolic-ref --short HEAD
> git rev-parse master
fatal: argumento ambiguo 'master': revisión desconocida o ruta fuera del árbol de trabajo.
Use '--' para separar las rutas de las revisiones, de esta manera:
'git <comando> [<revisión>...] -- [<archivo>...]'
> git for-each-ref --sort -committerdate --format %(refname) %(objectname)
> git remote --verbose
> git config --get commit.template
> git status -z -u
> git symbolic-ref --short HEAD
> git rev-parse master
fatal: argumento ambiguo 'master': revisión desconocida o ruta fuera del árbol de trabajo.
Use '--' para separar las rutas de las revisiones, de esta manera:
'git <comando> [<revisión>...] -- [<archivo>...]'
> git for-each-ref --sort -committerdate --format %(refname) %(objectname)
> git remote --verbose
> git config --get commit.template
> git show --textconv :angular-node/server/package.json
> git ls-files --stage -- /home/damian/angular/angular-node/server/package.json
> git status -z -u
> git symbolic-ref --short HEAD
> git rev-parse master
fatal: argumento ambiguo 'master': revisión desconocida o ruta fuera del árbol de trabajo.
Use '--' para separar las rutas de las revisiones, de esta manera:
'git <comando> [<revisión>...] -- [<archivo>...]'
> git for-each-ref --sort -committerdate --format %(refname) %(objectname)
> git remote --verbose
> git config --get commit.template
> git status -z -u
> git symbolic-ref --short HEAD
> git rev-parse master
fatal: argumento ambiguo 'master': revisión desconocida o ruta fuera del árbol de trabajo.
Use '--' para separar las rutas de las revisiones, de esta manera:
'git <comando> [<revisión>...] -- [<archivo>...]'
> git for-each-ref --sort -committerdate --format %(refname) %(objectname)
> git remote --verbose
> git config --get commit.template
> git status -z -u
> git symbolic-ref --short HEAD
> git rev-parse master
fatal: argumento ambiguo 'master': revisión desconocida o ruta fuera del árbol de trabajo.
Use '--' para separar las rutas de las revisiones, de esta manera:
'git <comando> [<revisión>...] -- [<archivo>...]'
> git for-each-ref --sort -committerdate --format %(refname) %(objectname)
> git remote --verbose
> git config --get commit.template
> git show --textconv :angular-node/server/src/index.ts
> git ls-files --stage -- /home/damian/angular/angular-node/server/src/index.ts
> git status -z -u
> git symbolic-ref --short HEAD
> git rev-parse master
fatal: argumento ambiguo 'master': revisión desconocida o ruta fuera del árbol de trabajo.
Use '--' para separar las rutas de las revisiones, de esta manera:
'git <comando> [<revisión>...] -- [<archivo>...]'
> git for-each-ref --sort -committerdate --format %(refname) %(objectname)
> git remote --verbose
> git config --get commit.template
> git show --textconv :angular-node/server/src/tsconfig.json
> git ls-files --stage -- /home/damian/angular/angular-node/server/src/tsconfig.json
> git status -z -u
> git symbolic-ref --short HEAD
> git rev-parse master
fatal: argumento ambiguo 'master': revisión desconocida o ruta fuera del árbol de trabajo.
Use '--' para separar las rutas de las revisiones, de esta manera:
'git <comando> [<revisión>...] -- [<archivo>...]'
> git for-each-ref --sort -committerdate --format %(refname) %(objectname)
> git remote --verbose
> git config --get commit.template
> git status -z -u
> git symbolic-ref --short HEAD
> git rev-parse master
fatal: argumento ambiguo 'master': revisión desconocida o ruta fuera del árbol de trabajo.
Use '--' para separar las rutas de las revisiones, de esta manera:
'git <comando> [<revisión>...] -- [<archivo>...]'
> git for-each-ref --sort -committerdate --format %(refname) %(objectname)
> git remote --verbose
> git config --get commit.template
> git status -z -u
> git symbolic-ref --short HEAD
> git rev-parse master
> git check-ignore -v -z --stdin
fatal: argumento ambiguo 'master': revisión desconocida o ruta fuera del árbol de trabajo.
Use '--' para separar las rutas de las revisiones, de esta manera:
'git <comando> [<revisión>...] -- [<archivo>...]'
> git for-each-ref --sort -committerdate --format %(refname) %(objectname)
> git remote --verbose
> git config --get commit.template
> git status -z -u
> git symbolic-ref --short HEAD
> git rev-parse master
fatal: argumento ambiguo 'master': revisión desconocida o ruta fuera del árbol de trabajo.
Use '--' para separar las rutas de las revisiones, de esta manera:
'git <comando> [<revisión>...] -- [<archivo>...]'
> git for-each-ref --sort -committerdate --format %(refname) %(objectname)
> git remote --verbose
> git config --get commit.template
> git status -z -u
> git symbolic-ref --short HEAD
> git rev-parse master
fatal: argumento ambiguo 'master': revisión desconocida o ruta fuera del árbol de trabajo.
Use '--' para separar las rutas de las revisiones, de esta manera:
'git <comando> [<revisión>...] -- [<archivo>...]'
> git for-each-ref --sort -committerdate --format %(refname) %(objectname)
> git remote --verbose
> git config --get commit.template
> git check-ignore -v -z --stdin
> git status -z -u
> git symbolic-ref --short HEAD
> git rev-parse master
fatal: argumento ambiguo 'master': revisión desconocida o ruta fuera del árbol de trabajo.
Use '--' para separar las rutas de las revisiones, de esta manera:
'git <comando> [<revisión>...] -- [<archivo>...]'
> git for-each-ref --sort -committerdate --format %(refname) %(objectname)
> git remote --verbose
> git config --get commit.template
> git show --textconv :angular-node/server/package.json
> git ls-files --stage -- /home/damian/angular/angular-node/server/package.json
> git status -z -u
> git symbolic-ref --short HEAD
> git rev-parse master
fatal: argumento ambiguo 'master': revisión desconocida o ruta fuera del árbol de trabajo.
Use '--' para separar las rutas de las revisiones, de esta manera:
'git <comando> [<revisión>...] -- [<archivo>...]'
> git for-each-ref --sort -committerdate --format %(refname) %(objectname)
> git remote --verbose
> git config --get commit.template
> git show --textconv :angular-node/server/src/index.ts
> git ls-files --stage -- /home/damian/angular/angular-node/server/src/index.ts
> git status -z -u
> git symbolic-ref --short HEAD
> git rev-parse master
fatal: argumento ambiguo 'master': revisión desconocida o ruta fuera del árbol de trabajo.
Use '--' para separar las rutas de las revisiones, de esta manera:
'git <comando> [<revisión>...] -- [<archivo>...]'
> git for-each-ref --sort -committerdate --format %(refname) %(objectname)
> git remote --verbose
> git config --get commit.template
> git status -z -u
> git symbolic-ref --short HEAD
> git rev-parse master
fatal: argumento ambiguo 'master': revisión desconocida o ruta fuera del árbol de trabajo.
Use '--' para separar las rutas de las revisiones, de esta manera:
'git <comando> [<revisión>...] -- [<archivo>...]'
> git for-each-ref --sort -committerdate --format %(refname) %(objectname)
> git remote --verbose
> git config --get commit.template
> git status -z -u
> git symbolic-ref --short HEAD
> git rev-parse master
fatal: argumento ambiguo 'master': revisión desconocida o ruta fuera del árbol de trabajo.
Use '--' para separar las rutas de las revisiones, de esta manera:
'git <comando> [<revisión>...] -- [<archivo>...]'
> git for-each-ref --sort -committerdate --format %(refname) %(objectname)
> git remote --verbose
> git config --get commit.template
> git status -z -u
> git symbolic-ref --short HEAD
> git rev-parse master
fatal: argumento ambiguo 'master': revisión desconocida o ruta fuera del árbol de trabajo.
Use '--' para separar las rutas de las revisiones, de esta manera:
'git <comando> [<revisión>...] -- [<archivo>...]'
> git for-each-ref --sort -committerdate --format %(refname) %(objectname)
> git remote --verbose
> git config --get commit.template
> git status -z -u
> git symbolic-ref --short HEAD
> git rev-parse master
fatal: argumento ambiguo 'master': revisión desconocida o ruta fuera del árbol de trabajo.
Use '--' para separar las rutas de las revisiones, de esta manera:
'git <comando> [<revisión>...] -- [<archivo>...]'
> git for-each-ref --sort -committerdate --format %(refname) %(objectname)
> git remote --verbose
> git config --get commit.template
> git status -z -u
> git symbolic-ref --short HEAD
> git rev-parse master
fatal: argumento ambiguo 'master': revisión desconocida o ruta fuera del árbol de trabajo.
Use '--' para separar las rutas de las revisiones, de esta manera:
'git <comando> [<revisión>...] -- [<archivo>...]'
> git for-each-ref --sort -committerdate --format %(refname) %(objectname)
> git remote --verbose
> git config --get commit.template
> git show --textconv :angular-node/server/build/index.js
> git ls-files --stage -- /home/damian/angular/angular-node/server/build/index.js
> git show --textconv :angular-node/server/src/index.ts
> git ls-files --stage -- /home/damian/angular/angular-node/server/src/index.ts
> git status -z -u
> git symbolic-ref --short HEAD
> git rev-parse master
fatal: argumento ambiguo 'master': revisión desconocida o ruta fuera del árbol de trabajo.
Use '--' para separar las rutas de las revisiones, de esta manera:
'git <comando> [<revisión>...] -- [<archivo>...]'
> git for-each-ref --sort -committerdate --format %(refname) %(objectname)
> git remote --verbose
> git config --get commit.template
> git status -z -u
> git symbolic-ref --short HEAD
> git rev-parse master
fatal: argumento ambiguo 'master': revisión desconocida o ruta fuera del árbol de trabajo.
Use '--' para separar las rutas de las revisiones, de esta manera:
'git <comando> [<revisión>...] -- [<archivo>...]'
> git for-each-ref --sort -committerdate --format %(refname) %(objectname)
> git remote --verbose
> git config --get commit.template
> git status -z -u
> git symbolic-ref --short HEAD
> git rev-parse master
fatal: argumento ambiguo 'master': revisión desconocida o ruta fuera del árbol de trabajo.
Use '--' para separar las rutas de las revisiones, de esta manera:
'git <comando> [<revisión>...] -- [<archivo>...]'
> git for-each-ref --sort -committerdate --format %(refname) %(objectname)
> git remote --verbose
> git config --get commit.template
> git check-ignore -v -z --stdin
> git status -z -u
> git symbolic-ref --short HEAD
> git rev-parse master
fatal: argumento ambiguo 'master': revisión desconocida o ruta fuera del árbol de trabajo.
Use '--' para separar las rutas de las revisiones, de esta manera:
'git <comando> [<revisión>...] -- [<archivo>...]'
> git for-each-ref --sort -committerdate --format %(refname) %(objectname)
> git remote --verbose
> git config --get commit.template
> git show --textconv :angular-node/server/src/routes/index.
> git ls-files --stage -- /home/damian/angular/angular-node/server/src/routes/index.
> git check-ignore -v -z --stdin
> git status -z -u
> git symbolic-ref --short HEAD
> git rev-parse master
fatal: argumento ambiguo 'master': revisión desconocida o ruta fuera del árbol de trabajo.
Use '--' para separar las rutas de las revisiones, de esta manera:
'git <comando> [<revisión>...] -- [<archivo>...]'
> git for-each-ref --sort -committerdate --format %(refname) %(objectname)
> git remote --verbose
> git config --get commit.template
> git show --textconv :angular-node/server/src/routes/indexRoutes.ts
> git ls-files --stage -- /home/damian/angular/angular-node/server/src/routes/indexRoutes.ts
> git check-ignore -v -z --stdin
> git status -z -u
> git symbolic-ref --short HEAD
> git rev-parse master
fatal: argumento ambiguo 'master': revisión desconocida o ruta fuera del árbol de trabajo.
Use '--' para separar las rutas de las revisiones, de esta manera:
'git <comando> [<revisión>...] -- [<archivo>...]'
> git for-each-ref --sort -committerdate --format %(refname) %(objectname)
> git remote --verbose
> git config --get commit.template
> git check-ignore -v -z --stdin
> git status -z -u
> git symbolic-ref --short HEAD
> git rev-parse master
fatal: argumento ambiguo 'master': revisión desconocida o ruta fuera del árbol de trabajo.
Use '--' para separar las rutas de las revisiones, de esta manera:
'git <comando> [<revisión>...] -- [<archivo>...]'
> git for-each-ref --sort -committerdate --format %(refname) %(objectname)
> git remote --verbose
> git config --get commit.template
> git show --textconv :angular-node/server/src/routes/games.ts
> git ls-files --stage -- /home/damian/angular/angular-node/server/src/routes/games.ts
> git check-ignore -v -z --stdin
> git status -z -u
> git symbolic-ref --short HEAD
> git rev-parse master
fatal: argumento ambiguo 'master': revisión desconocida o ruta fuera del árbol de trabajo.
Use '--' para separar las rutas de las revisiones, de esta manera:
'git <comando> [<revisión>...] -- [<archivo>...]'
> git for-each-ref --sort -committerdate --format %(refname) %(objectname)
> git remote --verbose
> git config --get commit.template
> git show --textconv :angular-node/server/build/index.js
> git ls-files --stage -- /home/damian/angular/angular-node/server/build/index.js
> git show --textconv :angular-node/server/src/routes/games.ts
> git ls-files --stage -- /home/damian/angular/angular-node/server/src/routes/games.ts
> git show --textconv :angular-node/server/src/index.ts
> git ls-files --stage -- /home/damian/angular/angular-node/server/src/index.ts
> git show --textconv :angular-node/server/src/routes/games.ts
> git ls-files --stage -- /home/damian/angular/angular-node/server/src/routes/games.ts
> git show --textconv :angular-node/server/src/routes/gamesRoutes.ts
> git ls-files --stage -- /home/damian/angular/angular-node/server/src/routes/gamesRoutes.ts
> git check-ignore -v -z --stdin
> git status -z -u
> git symbolic-ref --short HEAD
> git rev-parse master
fatal: argumento ambiguo 'master': revisión desconocida o ruta fuera del árbol de trabajo.
Use '--' para separar las rutas de las revisiones, de esta manera:
'git <comando> [<revisión>...] -- [<archivo>...]'
> git for-each-ref --sort -committerdate --format %(refname) %(objectname)
> git remote --verbose
> git config --get commit.template
> git show --textconv :angular-node/server/src/index.ts
> git ls-files --stage -- /home/damian/angular/angular-node/server/src/index.ts
> git status -z -u
> git symbolic-ref --short HEAD
> git rev-parse master
fatal: argumento ambiguo 'master': revisión desconocida o ruta fuera del árbol de trabajo.
Use '--' para separar las rutas de las revisiones, de esta manera:
'git <comando> [<revisión>...] -- [<archivo>...]'
> git for-each-ref --sort -committerdate --format %(refname) %(objectname)
> git remote --verbose
> git config --get commit.template
> git show --textconv :angular-node/server/src/routes/indexRoutes.ts
> git ls-files --stage -- /home/damian/angular/angular-node/server/src/routes/indexRoutes.ts
> git status -z -u
> git symbolic-ref --short HEAD
> git rev-parse master
fatal: argumento ambiguo 'master': revisión desconocida o ruta fuera del árbol de trabajo.
Use '--' para separar las rutas de las revisiones, de esta manera:
'git <comando> [<revisión>...] -- [<archivo>...]'
> git for-each-ref --sort -committerdate --format %(refname) %(objectname)
> git remote --verbose
> git config --get commit.template
> git show --textconv :angular-node/server/src/index.ts
> git ls-files --stage -- /home/damian/angular/angular-node/server/src/index.ts
> git status -z -u
> git symbolic-ref --short HEAD
> git rev-parse master
fatal: argumento ambiguo 'master': revisión desconocida o ruta fuera del árbol de trabajo.
Use '--' para separar las rutas de las revisiones, de esta manera:
'git <comando> [<revisión>...] -- [<archivo>...]'
> git for-each-ref --sort -committerdate --format %(refname) %(objectname)
> git remote --verbose
> git config --get commit.template
> git show --textconv :angular-node/server/src/routes/indexRoutes.ts
> git ls-files --stage -- /home/damian/angular/angular-node/server/src/routes/indexRoutes.ts
> git show --textconv :angular-node/server/src/index.ts
> git ls-files --stage -- /home/damian/angular/angular-node/server/src/index.ts
> git status -z -u
> git symbolic-ref --short HEAD
> git rev-parse master
fatal: argumento ambiguo 'master': revisión desconocida o ruta fuera del árbol de trabajo.
Use '--' para separar las rutas de las revisiones, de esta manera:
'git <comando> [<revisión>...] -- [<archivo>...]'
> git for-each-ref --sort -committerdate --format %(refname) %(objectname)
> git remote --verbose
> git config --get commit.template
> git show --textconv :angular-node/server/src/routes/indexRoutes.ts
> git ls-files --stage -- /home/damian/angular/angular-node/server/src/routes/indexRoutes.ts
> git show --textconv :angular-node/server/src/routes/gamesRoutes.ts
> git ls-files --stage -- /home/damian/angular/angular-node/server/src/routes/gamesRoutes.ts
> git status -z -u
> git symbolic-ref --short HEAD
> git rev-parse master
fatal: argumento ambiguo 'master': revisión desconocida o ruta fuera del árbol de trabajo.
Use '--' para separar las rutas de las revisiones, de esta manera:
'git <comando> [<revisión>...] -- [<archivo>...]'
> git for-each-ref --sort -committerdate --format %(refname) %(objectname)
> git remote --verbose
> git config --get commit.template
> git show --textconv :angular-node/server/src/index.ts
> git ls-files --stage -- /home/damian/angular/angular-node/server/src/index.ts
> git status -z -u
> git symbolic-ref --short HEAD
> git rev-parse master
fatal: argumento ambiguo 'master': revisión desconocida o ruta fuera del árbol de trabajo.
Use '--' para separar las rutas de las revisiones, de esta manera:
'git <comando> [<revisión>...] -- [<archivo>...]'
> git for-each-ref --sort -committerdate --format %(refname) %(objectname)
> git remote --verbose
> git config --get commit.template
> git status -z -u
> git symbolic-ref --short HEAD
> git rev-parse master
fatal: argumento ambiguo 'master': revisión desconocida o ruta fuera del árbol de trabajo.
Use '--' para separar las rutas de las revisiones, de esta manera:
'git <comando> [<revisión>...] -- [<archivo>...]'
> git for-each-ref --sort -committerdate --format %(refname) %(objectname)
> git remote --verbose
> git config --get commit.template
> git status -z -u
> git symbolic-ref --short HEAD
> git rev-parse master
fatal: argumento ambiguo 'master': revisión desconocida o ruta fuera del árbol de trabajo.
Use '--' para separar las rutas de las revisiones, de esta manera:
'git <comando> [<revisión>...] -- [<archivo>...]'
> git for-each-ref --sort -committerdate --format %(refname) %(objectname)
> git remote --verbose
> git config --get commit.template
> git status -z -u
> git symbolic-ref --short HEAD
> git rev-parse master
fatal: argumento ambiguo 'master': revisión desconocida o ruta fuera del árbol de trabajo.
Use '--' para separar las rutas de las revisiones, de esta manera:
'git <comando> [<revisión>...] -- [<archivo>...]'
> git for-each-ref --sort -committerdate --format %(refname) %(objectname)
> git remote --verbose
> git config --get commit.template
> git status -z -u
> git symbolic-ref --short HEAD
> git rev-parse master
fatal: argumento ambiguo 'master': revisión desconocida o ruta fuera del árbol de trabajo.
Use '--' para separar las rutas de las revisiones, de esta manera:
'git <comando> [<revisión>...] -- [<archivo>...]'
> git for-each-ref --sort -committerdate --format %(refname) %(objectname)
> git remote --verbose
> git config --get commit.template
> git status -z -u
> git symbolic-ref --short HEAD
> git rev-parse master
fatal: argumento ambiguo 'master': revisión desconocida o ruta fuera del árbol de trabajo.
Use '--' para separar las rutas de las revisiones, de esta manera:
'git <comando> [<revisión>...] -- [<archivo>...]'
> git for-each-ref --sort -committerdate --format %(refname) %(objectname)
> git remote --verbose
> git config --get commit.template
> git status -z -u
> git symbolic-ref --short HEAD
> git rev-parse master
fatal: argumento ambiguo 'master': revisión desconocida o ruta fuera del árbol de trabajo.
Use '--' para separar las rutas de las revisiones, de esta manera:
'git <comando> [<revisión>...] -- [<archivo>...]'
> git for-each-ref --sort -committerdate --format %(refname) %(objectname)
> git remote --verbose
> git config --get commit.template
> git status -z -u
> git symbolic-ref --short HEAD
> git rev-parse master
fatal: argumento ambiguo 'master': revisión desconocida o ruta fuera del árbol de trabajo.
Use '--' para separar las rutas de las revisiones, de esta manera:
'git <comando> [<revisión>...] -- [<archivo>...]'
> git for-each-ref --sort -committerdate --format %(refname) %(objectname)
> git remote --verbose
> git config --get commit.template
> git check-ignore -v -z --stdin
> git status -z -u
> git symbolic-ref --short HEAD
> git rev-parse master
fatal: argumento ambiguo 'master': revisión desconocida o ruta fuera del árbol de trabajo.
Use '--' para separar las rutas de las revisiones, de esta manera:
'git <comando> [<revisión>...] -- [<archivo>...]'
> git for-each-ref --sort -committerdate --format %(refname) %(objectname)
> git remote --verbose
> git config --get commit.template
> git show --textconv :angular-node/server/src/tsconfig.json
> git ls-files --stage -- /home/damian/angular/angular-node/server/src/tsconfig.json
> git show --textconv :angular-node/server/src/index.ts
> git ls-files --stage -- /home/damian/angular/angular-node/server/src/index.ts
> git show --textconv :angular-node/server/src/tsconfig.json
> git ls-files --stage -- /home/damian/angular/angular-node/server/src/tsconfig.json
> git status -z -u
> git symbolic-ref --short HEAD
> git rev-parse master
fatal: argumento ambiguo 'master': revisión desconocida o ruta fuera del árbol de trabajo.
Use '--' para separar las rutas de las revisiones, de esta manera:
'git <comando> [<revisión>...] -- [<archivo>...]'
> git for-each-ref --sort -committerdate --format %(refname) %(objectname)
> git remote --verbose
> git config --get commit.template
> git check-ignore -v -z --stdin
> git status -z -u
> git symbolic-ref --short HEAD
> git rev-parse master
fatal: argumento ambiguo 'master': revisión desconocida o ruta fuera del árbol de trabajo.
Use '--' para separar las rutas de las revisiones, de esta manera:
'git <comando> [<revisión>...] -- [<archivo>...]'
> git for-each-ref --sort -committerdate --format %(refname) %(objectname)
> git remote --verbose
> git config --get commit.template
> git show --textconv :angular-node/server/src/database.ts
> git ls-files --stage -- /home/damian/angular/angular-node/server/src/database.ts
> git check-ignore -v -z --stdin
> git status -z -u
> git symbolic-ref --short HEAD
> git rev-parse master
fatal: argumento ambiguo 'master': revisión desconocida o ruta fuera del árbol de trabajo.
Use '--' para separar las rutas de las revisiones, de esta manera:
'git <comando> [<revisión>...] -- [<archivo>...]'
> git for-each-ref --sort -committerdate --format %(refname) %(objectname)
> git remote --verbose
> git config --get commit.template
> git status -z -u
> git symbolic-ref --short HEAD
> git rev-parse master
fatal: argumento ambiguo 'master': revisión desconocida o ruta fuera del árbol de trabajo.
Use '--' para separar las rutas de las revisiones, de esta manera:
'git <comando> [<revisión>...] -- [<archivo>...]'
> git for-each-ref --sort -committerdate --format %(refname) %(objectname)
> git remote --verbose
> git config --get commit.template
> git show --textconv :angular-node/server/src/keys.ts
> git ls-files --stage -- /home/damian/angular/angular-node/server/src/keys.ts
> git check-ignore -v -z --stdin
> git status -z -u
> git symbolic-ref --short HEAD
> git rev-parse master
fatal: argumento ambiguo 'master': revisión desconocida o ruta fuera del árbol de trabajo.
Use '--' para separar las rutas de las revisiones, de esta manera:
'git <comando> [<revisión>...] -- [<archivo>...]'
> git for-each-ref --sort -committerdate --format %(refname) %(objectname)
> git remote --verbose
> git config --get commit.template
> git status -z -u
> git symbolic-ref --short HEAD
> git rev-parse master
fatal: argumento ambiguo 'master': revisión desconocida o ruta fuera del árbol de trabajo.
Use '--' para separar las rutas de las revisiones, de esta manera:
'git <comando> [<revisión>...] -- [<archivo>...]'
> git for-each-ref --sort -committerdate --format %(refname) %(objectname)
> git remote --verbose
> git config --get commit.template
> git status -z -u
> git symbolic-ref --short HEAD
> git rev-parse master
fatal: argumento ambiguo 'master': revisión desconocida o ruta fuera del árbol de trabajo.
Use '--' para separar las rutas de las revisiones, de esta manera:
'git <comando> [<revisión>...] -- [<archivo>...]'
> git for-each-ref --sort -committerdate --format %(refname) %(objectname)
> git remote --verbose
> git config --get commit.template
> git status -z -u
> git symbolic-ref --short HEAD
> git rev-parse master
fatal: argumento ambiguo 'master': revisión desconocida o ruta fuera del árbol de trabajo.
Use '--' para separar las rutas de las revisiones, de esta manera:
'git <comando> [<revisión>...] -- [<archivo>...]'
> git for-each-ref --sort -committerdate --format %(refname) %(objectname)
> git remote --verbose
> git config --get commit.template
> git show --textconv :angular-node/server/src/database.ts
> git ls-files --stage -- /home/damian/angular/angular-node/server/src/database.ts
> git show --textconv :angular-node/server/src/keys.ts
> git ls-files --stage -- /home/damian/angular/angular-node/server/src/keys.ts
> git show --textconv :angular-node/server/src/database.ts
> git ls-files --stage -- /home/damian/angular/angular-node/server/src/database.ts
> git status -z -u
> git symbolic-ref --short HEAD
> git rev-parse master
fatal: argumento ambiguo 'master': revisión desconocida o ruta fuera del árbol de trabajo.
Use '--' para separar las rutas de las revisiones, de esta manera:
'git <comando> [<revisión>...] -- [<archivo>...]'
> git for-each-ref --sort -committerdate --format %(refname) %(objectname)
> git remote --verbose
> git config --get commit.template
> git check-ignore -v -z --stdin
> git status -z -u
> git symbolic-ref --short HEAD
> git rev-parse master
fatal: argumento ambiguo 'master': revisión desconocida o ruta fuera del árbol de trabajo.
Use '--' para separar las rutas de las revisiones, de esta manera:
'git <comando> [<revisión>...] -- [<archivo>...]'
> git for-each-ref --sort -committerdate --format %(refname) %(objectname)
> git remote --verbose
> git config --get commit.template
> git status -z -u
> git symbolic-ref --short HEAD
> git rev-parse master
fatal: argumento ambiguo 'master': revisión desconocida o ruta fuera del árbol de trabajo.
Use '--' para separar las rutas de las revisiones, de esta manera:
'git <comando> [<revisión>...] -- [<archivo>...]'
> git for-each-ref --sort -committerdate --format %(refname) %(objectname)
> git remote --verbose
> git config --get commit.template
> git status -z -u
> git symbolic-ref --short HEAD
> git rev-parse master
fatal: argumento ambiguo 'master': revisión desconocida o ruta fuera del árbol de trabajo.
Use '--' para separar las rutas de las revisiones, de esta manera:
'git <comando> [<revisión>...] -- [<archivo>...]'
> git for-each-ref --sort -committerdate --format %(refname) %(objectname)
> git remote --verbose
> git config --get commit.template
> git show --textconv :angular-node/server/src/routes/indexRoutes.ts
> git ls-files --stage -- /home/damian/angular/angular-node/server/src/routes/indexRoutes.ts
> git check-ignore -v -z --stdin
> git status -z -u
> git symbolic-ref --short HEAD
> git rev-parse master
fatal: argumento ambiguo 'master': revisión desconocida o ruta fuera del árbol de trabajo.
Use '--' para separar las rutas de las revisiones, de esta manera:
'git <comando> [<revisión>...] -- [<archivo>...]'
> git for-each-ref --sort -committerdate --format %(refname) %(objectname)
> git remote --verbose
> git config --get commit.template
> git show --textconv :angular-node/server/src/controllers/indexController.ts
> git ls-files --stage -- /home/damian/angular/angular-node/server/src/controllers/indexController.ts
> git check-ignore -v -z --stdin
> git status -z -u
> git symbolic-ref --short HEAD
> git rev-parse master
fatal: argumento ambiguo 'master': revisión desconocida o ruta fuera del árbol de trabajo.
Use '--' para separar las rutas de las revisiones, de esta manera:
'git <comando> [<revisión>...] -- [<archivo>...]'
> git for-each-ref --sort -committerdate --format %(refname) %(objectname)
> git remote --verbose
> git config --get commit.template
> git status -z -u
> git symbolic-ref --short HEAD
> git rev-parse master
fatal: argumento ambiguo 'master': revisión desconocida o ruta fuera del árbol de trabajo.
Use '--' para separar las rutas de las revisiones, de esta manera:
'git <comando> [<revisión>...] -- [<archivo>...]'
> git for-each-ref --sort -committerdate --format %(refname) %(objectname)
> git remote --verbose
> git config --get commit.template
> git show --textconv :angular-node/server/src/routes/indexRoutes.ts
> git ls-files --stage -- /home/damian/angular/angular-node/server/src/routes/indexRoutes.ts
> git show --textconv :angular-node/server/src/controllers/indexController.ts
> git ls-files --stage -- /home/damian/angular/angular-node/server/src/controllers/indexController.ts
> git show --textconv :angular-node/server/src/routes/indexRoutes.ts
> git ls-files --stage -- /home/damian/angular/angular-node/server/src/routes/indexRoutes.ts
> git show --textconv :angular-node/server/src/controllers/indexController.ts
> git ls-files --stage -- /home/damian/angular/angular-node/server/src/controllers/indexController.ts
> git status -z -u
> git symbolic-ref --short HEAD
> git rev-parse master
fatal: argumento ambiguo 'master': revisión desconocida o ruta fuera del árbol de trabajo.
Use '--' para separar las rutas de las revisiones, de esta manera:
'git <comando> [<revisión>...] -- [<archivo>...]'
> git for-each-ref --sort -committerdate --format %(refname) %(objectname)
> git remote --verbose
> git config --get commit.template
> git show --textconv :angular-node/server/src/controllers/gamesControllers.ts
> git ls-files --stage -- /home/damian/angular/angular-node/server/src/controllers/gamesControllers.ts
> git check-ignore -v -z --stdin
> git status -z -u
> git symbolic-ref --short HEAD
> git rev-parse master
fatal: argumento ambiguo 'master': revisión desconocida o ruta fuera del árbol de trabajo.
Use '--' para separar las rutas de las revisiones, de esta manera:
'git <comando> [<revisión>...] -- [<archivo>...]'
> git for-each-ref --sort -committerdate --format %(refname) %(objectname)
> git remote --verbose
> git config --get commit.template
> git show --textconv :angular-node/server/src/controllers/indexController.ts
> git ls-files --stage -- /home/damian/angular/angular-node/server/src/controllers/indexController.ts
> git show --textconv :angular-node/server/src/controllers/gamesControllers.ts
> git ls-files --stage -- /home/damian/angular/angular-node/server/src/controllers/gamesControllers.ts
> git status -z -u
> git symbolic-ref --short HEAD
> git rev-parse master
fatal: argumento ambiguo 'master': revisión desconocida o ruta fuera del árbol de trabajo.
Use '--' para separar las rutas de las revisiones, de esta manera:
'git <comando> [<revisión>...] -- [<archivo>...]'
> git for-each-ref --sort -committerdate --format %(refname) %(objectname)
> git remote --verbose
> git config --get commit.template
> git status -z -u
> git symbolic-ref --short HEAD
> git rev-parse master
fatal: argumento ambiguo 'master': revisión desconocida o ruta fuera del árbol de trabajo.
Use '--' para separar las rutas de las revisiones, de esta manera:
'git <comando> [<revisión>...] -- [<archivo>...]'
> git for-each-ref --sort -committerdate --format %(refname) %(objectname)
> git remote --verbose
> git config --get commit.template
> git show --textconv :angular-node/server/src/routes/indexRoutes.ts
> git ls-files --stage -- /home/damian/angular/angular-node/server/src/routes/indexRoutes.ts
> git status -z -u
> git symbolic-ref --short HEAD
> git rev-parse master
fatal: argumento ambiguo 'master': revisión desconocida o ruta fuera del árbol de trabajo.
Use '--' para separar las rutas de las revisiones, de esta manera:
'git <comando> [<revisión>...] -- [<archivo>...]'
> git for-each-ref --sort -committerdate --format %(refname) %(objectname)
> git remote --verbose
> git config --get commit.template
> git show --textconv :angular-node/server/src/controllers/indexController.ts
> git ls-files --stage -- /home/damian/angular/angular-node/server/src/controllers/indexController.ts
> git status -z -u
> git symbolic-ref --short HEAD
> git rev-parse master
fatal: argumento ambiguo 'master': revisión desconocida o ruta fuera del árbol de trabajo.
Use '--' para separar las rutas de las revisiones, de esta manera:
'git <comando> [<revisión>...] -- [<archivo>...]'
> git for-each-ref --sort -committerdate --format %(refname) %(objectname)
> git remote --verbose
> git config --get commit.template
> git show --textconv :angular-node/server/src/controllers/gamesControllers.ts
> git ls-files --stage -- /home/damian/angular/angular-node/server/src/controllers/gamesControllers.ts
> git show --textconv :angular-node/server/src/controllers/indexController.ts
> git ls-files --stage -- /home/damian/angular/angular-node/server/src/controllers/indexController.ts
> git show --textconv :angular-node/server/src/controllers/gamesControllers.ts
> git ls-files --stage -- /home/damian/angular/angular-node/server/src/controllers/gamesControllers.ts
> git show --textconv :angular-node/server/src/routes/gamesRoutes.ts
> git ls-files --stage -- /home/damian/angular/angular-node/server/src/routes/gamesRoutes.ts
> git show --textconv :angular-node/server/src/routes/indexRoutes.ts
> git ls-files --stage -- /home/damian/angular/angular-node/server/src/routes/indexRoutes.ts
> git show --textconv :angular-node/server/src/routes/gamesRoutes.ts
> git ls-files --stage -- /home/damian/angular/angular-node/server/src/routes/gamesRoutes.ts
> git show --textconv :angular-node/server/src/controllers/indexController.ts
> git ls-files --stage -- /home/damian/angular/angular-node/server/src/controllers/indexController.ts
> git show --textconv :angular-node/server/src/routes/indexRoutes.ts
> git ls-files --stage -- /home/damian/angular/angular-node/server/src/routes/indexRoutes.ts
> git show --textconv :angular-node/server/src/routes/gamesRoutes.ts
> git ls-files --stage -- /home/damian/angular/angular-node/server/src/routes/gamesRoutes.ts
> git show --textconv :angular-node/server/src/controllers/indexController.ts
> git ls-files --stage -- /home/damian/angular/angular-node/server/src/controllers/indexController.ts
> git show --textconv :angular-node/server/src/routes/indexRoutes.ts
> git ls-files --stage -- /home/damian/angular/angular-node/server/src/routes/indexRoutes.ts
> git show --textconv :angular-node/server/src/routes/gamesRoutes.ts
> git ls-files --stage -- /home/damian/angular/angular-node/server/src/routes/gamesRoutes.ts
> git show --textconv :angular-node/server/src/routes/indexRoutes.ts
> git ls-files --stage -- /home/damian/angular/angular-node/server/src/routes/indexRoutes.ts
> git show --textconv :angular-node/server/src/routes/gamesRoutes.ts
> git ls-files --stage -- /home/damian/angular/angular-node/server/src/routes/gamesRoutes.ts
> git status -z -u
> git symbolic-ref --short HEAD
> git rev-parse master
fatal: argumento ambiguo 'master': revisión desconocida o ruta fuera del árbol de trabajo.
Use '--' para separar las rutas de las revisiones, de esta manera:
'git <comando> [<revisión>...] -- [<archivo>...]'
> git for-each-ref --sort -committerdate --format %(refname) %(objectname)
> git remote --verbose
> git config --get commit.template
> git status -z -u
> git symbolic-ref --short HEAD
> git rev-parse master
fatal: argumento ambiguo 'master': revisión desconocida o ruta fuera del árbol de trabajo.
Use '--' para separar las rutas de las revisiones, de esta manera:
'git <comando> [<revisión>...] -- [<archivo>...]'
> git for-each-ref --sort -committerdate --format %(refname) %(objectname)
> git remote --verbose
> git config --get commit.template
> git show --textconv :angular-node/server/src/controllers/gamesControllers.ts
> git ls-files --stage -- /home/damian/angular/angular-node/server/src/controllers/gamesControllers.ts
> git show --textconv :angular-node/server/src/controllers/indexController.ts
> git ls-files --stage -- /home/damian/angular/angular-node/server/src/controllers/indexController.ts
> git show --textconv :angular-node/server/src/controllers/gamesControllers.ts
> git ls-files --stage -- /home/damian/angular/angular-node/server/src/controllers/gamesControllers.ts
> git show --textconv :angular-node/server/src/controllers/indexController.ts
> git ls-files --stage -- /home/damian/angular/angular-node/server/src/controllers/indexController.ts
> git show --textconv :angular-node/server/src/controllers/gamesControllers.ts
> git ls-files --stage -- /home/damian/angular/angular-node/server/src/controllers/gamesControllers.ts
> git status -z -u
> git symbolic-ref --short HEAD
> git rev-parse master
fatal: argumento ambiguo 'master': revisión desconocida o ruta fuera del árbol de trabajo.
Use '--' para separar las rutas de las revisiones, de esta manera:
'git <comando> [<revisión>...] -- [<archivo>...]'
> git for-each-ref --sort -committerdate --format %(refname) %(objectname)
> git remote --verbose
> git config --get commit.template
> git show --textconv :angular-node/server/src/routes/gamesRoutes.ts
> git ls-files --stage -- /home/damian/angular/angular-node/server/src/routes/gamesRoutes.ts
> git status -z -u
> git symbolic-ref --short HEAD
> git rev-parse master
fatal: argumento ambiguo 'master': revisión desconocida o ruta fuera del árbol de trabajo.
Use '--' para separar las rutas de las revisiones, de esta manera:
'git <comando> [<revisión>...] -- [<archivo>...]'
> git for-each-ref --sort -committerdate --format %(refname) %(objectname)
> git remote --verbose
> git config --get commit.template
> git show --textconv :angular-node/server/src/controllers/gamesControllers.ts
> git ls-files --stage -- /home/damian/angular/angular-node/server/src/controllers/gamesControllers.ts
> git show --textconv :angular-node/server/src/controllers/indexController.ts
> git ls-files --stage -- /home/damian/angular/angular-node/server/src/controllers/indexController.ts
> git show --textconv :angular-node/server/src/controllers/gamesControllers.ts
> git ls-files --stage -- /home/damian/angular/angular-node/server/src/controllers/gamesControllers.ts
> git status -z -u
> git symbolic-ref --short HEAD
> git rev-parse master
fatal: argumento ambiguo 'master': revisión desconocida o ruta fuera del árbol de trabajo.
Use '--' para separar las rutas de las revisiones, de esta manera:
'git <comando> [<revisión>...] -- [<archivo>...]'
> git for-each-ref --sort -committerdate --format %(refname) %(objectname)
> git remote --verbose
> git config --get commit.template
> git show --textconv :angular-node/server/src/database.ts
> git ls-files --stage -- /home/damian/angular/angular-node/server/src/database.ts
> git show --textconv :angular-node/server/src/index.ts
> git ls-files --stage -- /home/damian/angular/angular-node/server/src/index.ts
> git show --textconv :angular-node/server/src/keys.ts
> git ls-files --stage -- /home/damian/angular/angular-node/server/src/keys.ts
> git show --textconv :angular-node/server/src/index.ts
> git ls-files --stage -- /home/damian/angular/angular-node/server/src/index.ts
> git show --textconv :angular-node/server/src/database.ts
> git ls-files --stage -- /home/damian/angular/angular-node/server/src/database.ts
> git check-ignore -v -z --stdin
> git show --textconv :angular-node/server/src/controllers/gamesControllers.ts
> git ls-files --stage -- /home/damian/angular/angular-node/server/src/controllers/gamesControllers.ts
> git status -z -u
> git symbolic-ref --short HEAD
> git rev-parse master
fatal: argumento ambiguo 'master': revisión desconocida o ruta fuera del árbol de trabajo.
Use '--' para separar las rutas de las revisiones, de esta manera:
'git <comando> [<revisión>...] -- [<archivo>...]'
> git for-each-ref --sort -committerdate --format %(refname) %(objectname)
> git remote --verbose
> git config --get commit.template
> git status -z -u
> git symbolic-ref --short HEAD
> git rev-parse master
fatal: argumento ambiguo 'master': revisión desconocida o ruta fuera del árbol de trabajo.
Use '--' para separar las rutas de las revisiones, de esta manera:
'git <comando> [<revisión>...] -- [<archivo>...]'
> git for-each-ref --sort -committerdate --format %(refname) %(objectname)
> git remote --verbose
> git config --get commit.template
> git status -z -u
> git symbolic-ref --short HEAD
> git rev-parse master
fatal: argumento ambiguo 'master': revisión desconocida o ruta fuera del árbol de trabajo.
Use '--' para separar las rutas de las revisiones, de esta manera:
'git <comando> [<revisión>...] -- [<archivo>...]'
> git for-each-ref --sort -committerdate --format %(refname) %(objectname)
> git remote --verbose
> git config --get commit.template
> git status -z -u
> git symbolic-ref --short HEAD
> git rev-parse master
fatal: argumento ambiguo 'master': revisión desconocida o ruta fuera del árbol de trabajo.
Use '--' para separar las rutas de las revisiones, de esta manera:
'git <comando> [<revisión>...] -- [<archivo>...]'
> git for-each-ref --sort -committerdate --format %(refname) %(objectname)
> git remote --verbose
> git config --get commit.template
> git show --textconv :angular-node/server/src/database.ts
> git ls-files --stage -- /home/damian/angular/angular-node/server/src/database.ts
> git show --textconv :angular-node/server/src/routes/indexRoutes.ts
> git ls-files --stage -- /home/damian/angular/angular-node/server/src/routes/indexRoutes.ts
> git show --textconv :angular-node/server/src/controllers/indexController.ts
> git ls-files --stage -- /home/damian/angular/angular-node/server/src/controllers/indexController.ts
> git show --textconv :angular-node/server/src/controllers/gamesControllers.ts
> git ls-files --stage -- /home/damian/angular/angular-node/server/src/controllers/gamesControllers.ts
> git status -z -u
> git symbolic-ref --short HEAD
> git rev-parse master
fatal: argumento ambiguo 'master': revisión desconocida o ruta fuera del árbol de trabajo.
Use '--' para separar las rutas de las revisiones, de esta manera:
'git <comando> [<revisión>...] -- [<archivo>...]'
> git for-each-ref --sort -committerdate --format %(refname) %(objectname)
> git remote --verbose
> git config --get commit.template
> git status -z -u
> git symbolic-ref --short HEAD
> git rev-parse master
fatal: argumento ambiguo 'master': revisión desconocida o ruta fuera del árbol de trabajo.
Use '--' para separar las rutas de las revisiones, de esta manera:
'git <comando> [<revisión>...] -- [<archivo>...]'
> git for-each-ref --sort -committerdate --format %(refname) %(objectname)
> git remote --verbose
> git config --get commit.template
> git show --textconv :angular-node/server/src/database.ts
> git ls-files --stage -- /home/damian/angular/angular-node/server/src/database.ts
> git show --textconv :angular-node/server/src/controllers/gamesControllers.ts
> git ls-files --stage -- /home/damian/angular/angular-node/server/src/controllers/gamesControllers.ts
> git status -z -u
> git symbolic-ref --short HEAD
> git rev-parse master
fatal: argumento ambiguo 'master': revisión desconocida o ruta fuera del árbol de trabajo.
Use '--' para separar las rutas de las revisiones, de esta manera:
'git <comando> [<revisión>...] -- [<archivo>...]'
> git for-each-ref --sort -committerdate --format %(refname) %(objectname)
> git remote --verbose
> git config --get commit.template
> git show --textconv :angular-node/server/src/index.ts
> git ls-files --stage -- /home/damian/angular/angular-node/server/src/index.ts
> git show --textconv :angular-node/server/package.json
> git ls-files --stage -- /home/damian/angular/angular-node/server/package.json
> git status -z -u
> git symbolic-ref --short HEAD
> git rev-parse master
fatal: argumento ambiguo 'master': revisión desconocida o ruta fuera del árbol de trabajo.
Use '--' para separar las rutas de las revisiones, de esta manera:
'git <comando> [<revisión>...] -- [<archivo>...]'
> git for-each-ref --sort -committerdate --format %(refname) %(objectname)
> git remote --verbose
> git config --get commit.template
> git show --textconv :angular-node/server/src/controllers/gamesControllers.ts
> git ls-files --stage -- /home/damian/angular/angular-node/server/src/controllers/gamesControllers.ts
> git status -z -u
> git symbolic-ref --short HEAD
> git rev-parse master
fatal: argumento ambiguo 'master': revisión desconocida o ruta fuera del árbol de trabajo.
Use '--' para separar las rutas de las revisiones, de esta manera:
'git <comando> [<revisión>...] -- [<archivo>...]'
> git for-each-ref --sort -committerdate --format %(refname) %(objectname)
> git remote --verbose
> git config --get commit.template
> git show --textconv :angular-node/server/src/database.ts
> git ls-files --stage -- /home/damian/angular/angular-node/server/src/database.ts
> git show --textconv :angular-node/server/src/keys.ts
> git ls-files --stage -- /home/damian/angular/angular-node/server/src/keys.ts
> git show --textconv :angular-node/server/src/controllers/gamesControllers.ts
> git ls-files --stage -- /home/damian/angular/angular-node/server/src/controllers/gamesControllers.ts
> git show --textconv :angular-node/server/src/keys.ts
> git ls-files --stage -- /home/damian/angular/angular-node/server/src/keys.ts
> git show --textconv :angular-node/server/src/database.ts
> git ls-files --stage -- /home/damian/angular/angular-node/server/src/database.ts
> git show --textconv :angular-node/server/package.json
> git ls-files --stage -- /home/damian/angular/angular-node/server/package.json
> git show --textconv :angular-node/server/src/index.ts
> git ls-files --stage -- /home/damian/angular/angular-node/server/src/index.ts
> git show --textconv :angular-node/server/src/routes/gamesRoutes.ts
> git ls-files --stage -- /home/damian/angular/angular-node/server/src/routes/gamesRoutes.ts
> git show --textconv :angular-node/server/src/controllers/gamesControllers.ts
> git ls-files --stage -- /home/damian/angular/angular-node/server/src/controllers/gamesControllers.ts
> git show --textconv :angular-node/server/src/routes/gamesRoutes.ts
> git ls-files --stage -- /home/damian/angular/angular-node/server/src/routes/gamesRoutes.ts
> git show --textconv :angular-node/server/src/routes/indexRoutes.ts
> git ls-files --stage -- /home/damian/angular/angular-node/server/src/routes/indexRoutes.ts
> git show --textconv :angular-node/server/src/routes/gamesRoutes.ts
> git ls-files --stage -- /home/damian/angular/angular-node/server/src/routes/gamesRoutes.ts
> git show --textconv :angular-node/server/src/controllers/gamesControllers.ts
> git ls-files --stage -- /home/damian/angular/angular-node/server/src/controllers/gamesControllers.ts
> git status -z -u
> git symbolic-ref --short HEAD
> git rev-parse master
fatal: argumento ambiguo 'master': revisión desconocida o ruta fuera del árbol de trabajo.
Use '--' para separar las rutas de las revisiones, de esta manera:
'git <comando> [<revisión>...] -- [<archivo>...]'
> git for-each-ref --sort -committerdate --format %(refname) %(objectname)
> git remote --verbose
> git config --get commit.template
> git status -z -u
> git symbolic-ref --short HEAD
> git rev-parse master
fatal: argumento ambiguo 'master': revisión desconocida o ruta fuera del árbol de trabajo.
Use '--' para separar las rutas de las revisiones, de esta manera:
'git <comando> [<revisión>...] -- [<archivo>...]'
> git for-each-ref --sort -committerdate --format %(refname) %(objectname)
> git remote --verbose
> git config --get commit.template
> git status -z -u
> git symbolic-ref --short HEAD
> git rev-parse master
fatal: argumento ambiguo 'master': revisión desconocida o ruta fuera del árbol de trabajo.
Use '--' para separar las rutas de las revisiones, de esta manera:
'git <comando> [<revisión>...] -- [<archivo>...]'
> git for-each-ref --sort -committerdate --format %(refname) %(objectname)
> git remote --verbose
> git config --get commit.template
> git status -z -u
> git symbolic-ref --short HEAD
> git rev-parse master
fatal: argumento ambiguo 'master': revisión desconocida o ruta fuera del árbol de trabajo.
Use '--' para separar las rutas de las revisiones, de esta manera:
'git <comando> [<revisión>...] -- [<archivo>...]'
> git for-each-ref --sort -committerdate --format %(refname) %(objectname)
> git remote --verbose
> git config --get commit.template
> git show --textconv :angular-node/server/src/routes/gamesRoutes.ts
> git ls-files --stage -- /home/damian/angular/angular-node/server/src/routes/gamesRoutes.ts
> git status -z -u
> git symbolic-ref --short HEAD
> git rev-parse master
fatal: argumento ambiguo 'master': revisión desconocida o ruta fuera del árbol de trabajo.
Use '--' para separar las rutas de las revisiones, de esta manera:
'git <comando> [<revisión>...] -- [<archivo>...]'
> git for-each-ref --sort -committerdate --format %(refname) %(objectname)
> git remote --verbose
> git config --get commit.template
> git show --textconv :angular-node/server/src/controllers/gamesControllers.ts
> git ls-files --stage -- /home/damian/angular/angular-node/server/src/controllers/gamesControllers.ts
> git show --textconv :angular-node/server/src/routes/gamesRoutes.ts
> git ls-files --stage -- /home/damian/angular/angular-node/server/src/routes/gamesRoutes.ts
> git status -z -u
> git symbolic-ref --short HEAD
> git rev-parse master
fatal: argumento ambiguo 'master': revisión desconocida o ruta fuera del árbol de trabajo.
Use '--' para separar las rutas de las revisiones, de esta manera:
'git <comando> [<revisión>...] -- [<archivo>...]'
> git for-each-ref --sort -committerdate --format %(refname) %(objectname)
> git remote --verbose
> git config --get commit.template
> git show --textconv :angular-node/server/src/controllers/gamesControllers.ts
> git ls-files --stage -- /home/damian/angular/angular-node/server/src/controllers/gamesControllers.ts
> git show --textconv :angular-node/server/src/routes/gamesRoutes.ts
> git ls-files --stage -- /home/damian/angular/angular-node/server/src/routes/gamesRoutes.ts
> git show --textconv :angular-node/server/src/controllers/gamesControllers.ts
> git ls-files --stage -- /home/damian/angular/angular-node/server/src/controllers/gamesControllers.ts
> git show --textconv :angular-node/server/src/routes/gamesRoutes.ts
> git ls-files --stage -- /home/damian/angular/angular-node/server/src/routes/gamesRoutes.ts
> git show --textconv :angular-node/server/src/controllers/gamesControllers.ts
> git ls-files --stage -- /home/damian/angular/angular-node/server/src/controllers/gamesControllers.ts
> git show --textconv :angular-node/server/src/routes/gamesRoutes.ts
> git ls-files --stage -- /home/damian/angular/angular-node/server/src/routes/gamesRoutes.ts
> git show --textconv :angular-node/server/src/controllers/gamesControllers.ts
> git ls-files --stage -- /home/damian/angular/angular-node/server/src/controllers/gamesControllers.ts
> git show --textconv :angular-node/server/src/routes/gamesRoutes.ts
> git ls-files --stage -- /home/damian/angular/angular-node/server/src/routes/gamesRoutes.ts
> git show --textconv :angular-node/server/src/routes/indexRoutes.ts
> git ls-files --stage -- /home/damian/angular/angular-node/server/src/routes/indexRoutes.ts
> git show --textconv :angular-node/server/src/routes/gamesRoutes.ts
> git ls-files --stage -- /home/damian/angular/angular-node/server/src/routes/gamesRoutes.ts
> git show --textconv :angular-node/server/src/controllers/gamesControllers.ts
> git ls-files --stage -- /home/damian/angular/angular-node/server/src/controllers/gamesControllers.ts
> git show --textconv :angular-node/server/src/routes/indexRoutes.ts
> git ls-files --stage -- /home/damian/angular/angular-node/server/src/routes/indexRoutes.ts
> git show --textconv :angular-node/server/src/routes/gamesRoutes.ts
> git ls-files --stage -- /home/damian/angular/angular-node/server/src/routes/gamesRoutes.ts
> git show --textconv :angular-node/server/src/index.ts
> git ls-files --stage -- /home/damian/angular/angular-node/server/src/index.ts
> git status -z -u
> git symbolic-ref --short HEAD
> git rev-parse master
fatal: argumento ambiguo 'master': revisión desconocida o ruta fuera del árbol de trabajo.
Use '--' para separar las rutas de las revisiones, de esta manera:
'git <comando> [<revisión>...] -- [<archivo>...]'
> git for-each-ref --sort -committerdate --format %(refname) %(objectname)
> git remote --verbose
> git config --get commit.template
> git show --textconv :angular-node/server/src/routes/gamesRoutes.ts
> git ls-files --stage -- /home/damian/angular/angular-node/server/src/routes/gamesRoutes.ts
> git show --textconv :angular-node/server/src/controllers/gamesControllers.ts
> git ls-files --stage -- /home/damian/angular/angular-node/server/src/controllers/gamesControllers.ts
> git show --textconv :angular-node/server/src/routes/gamesRoutes.ts
> git ls-files --stage -- /home/damian/angular/angular-node/server/src/routes/gamesRoutes.ts
> git status -z -u
> git symbolic-ref --short HEAD
> git rev-parse master
fatal: argumento ambiguo 'master': revisión desconocida o ruta fuera del árbol de trabajo.
Use '--' para separar las rutas de las revisiones, de esta manera:
'git <comando> [<revisión>...] -- [<archivo>...]'
> git for-each-ref --sort -committerdate --format %(refname) %(objectname)
> git remote --verbose
> git config --get commit.template
> git status -z -u
> git symbolic-ref --short HEAD
> git rev-parse master
fatal: argumento ambiguo 'master': revisión desconocida o ruta fuera del árbol de trabajo.
Use '--' para separar las rutas de las revisiones, de esta manera:
'git <comando> [<revisión>...] -- [<archivo>...]'
> git for-each-ref --sort -committerdate --format %(refname) %(objectname)
> git remote --verbose
> git config --get commit.template
> git status -z -u
> git symbolic-ref --short HEAD
> git rev-parse master
fatal: argumento ambiguo 'master': revisión desconocida o ruta fuera del árbol de trabajo.
Use '--' para separar las rutas de las revisiones, de esta manera:
'git <comando> [<revisión>...] -- [<archivo>...]'
> git for-each-ref --sort -committerdate --format %(refname) %(objectname)
> git remote --verbose
> git config --get commit.template
> git show --textconv :angular-node/server/src/controllers/gamesControllers.ts
> git ls-files --stage -- /home/damian/angular/angular-node/server/src/controllers/gamesControllers.ts
> git status -z -u
> git symbolic-ref --short HEAD
> git rev-parse master
fatal: argumento ambiguo 'master': revisión desconocida o ruta fuera del árbol de trabajo.
Use '--' para separar las rutas de las revisiones, de esta manera:
'git <comando> [<revisión>...] -- [<archivo>...]'
> git for-each-ref --sort -committerdate --format %(refname) %(objectname)
> git remote --verbose
> git config --get commit.template
> git show --textconv :angular-node/server/src/index.ts
> git ls-files --stage -- /home/damian/angular/angular-node/server/src/index.ts
> git status -z -u
> git symbolic-ref --short HEAD
> git rev-parse master
fatal: argumento ambiguo 'master': revisión desconocida o ruta fuera del árbol de trabajo.
Use '--' para separar las rutas de las revisiones, de esta manera:
'git <comando> [<revisión>...] -- [<archivo>...]'
> git for-each-ref --sort -committerdate --format %(refname) %(objectname)
> git remote --verbose
> git config --get commit.template
> git show --textconv :angular-node/server/src/routes/gamesRoutes.ts
> git ls-files --stage -- /home/damian/angular/angular-node/server/src/routes/gamesRoutes.ts
> git show --textconv :angular-node/server/src/controllers/gamesControllers.ts
> git ls-files --stage -- /home/damian/angular/angular-node/server/src/controllers/gamesControllers.ts
> git status -z -u
> git symbolic-ref --short HEAD
> git rev-parse master
fatal: argumento ambiguo 'master': revisión desconocida o ruta fuera del árbol de trabajo.
Use '--' para separar las rutas de las revisiones, de esta manera:
'git <comando> [<revisión>...] -- [<archivo>...]'
> git for-each-ref --sort -committerdate --format %(refname) %(objectname)
> git remote --verbose
> git config --get commit.template
> git show --textconv :angular-node/server/src/routes/gamesRoutes.ts
> git ls-files --stage -- /home/damian/angular/angular-node/server/src/routes/gamesRoutes.ts
> git status -z -u
> git symbolic-ref --short HEAD
> git rev-parse master
fatal: argumento ambiguo 'master': revisión desconocida o ruta fuera del árbol de trabajo.
Use '--' para separar las rutas de las revisiones, de esta manera:
'git <comando> [<revisión>...] -- [<archivo>...]'
> git for-each-ref --sort -committerdate --format %(refname) %(objectname)
> git remote --verbose
> git config --get commit.template
> git show --textconv :angular-node/server/src/controllers/gamesControllers.ts
> git ls-files --stage -- /home/damian/angular/angular-node/server/src/controllers/gamesControllers.ts
> git status -z -u
> git symbolic-ref --short HEAD
> git rev-parse master
fatal: argumento ambiguo 'master': revisión desconocida o ruta fuera del árbol de trabajo.
Use '--' para separar las rutas de las revisiones, de esta manera:
'git <comando> [<revisión>...] -- [<archivo>...]'
> git for-each-ref --sort -committerdate --format %(refname) %(objectname)
> git remote --verbose
> git config --get commit.template
> git show --textconv :angular-node/server/src/routes/gamesRoutes.ts
> git ls-files --stage -- /home/damian/angular/angular-node/server/src/routes/gamesRoutes.ts
> git show --textconv :angular-node/server/src/controllers/gamesControllers.ts
> git ls-files --stage -- /home/damian/angular/angular-node/server/src/controllers/gamesControllers.ts
> git show --textconv :angular-node/server/src/routes/gamesRoutes.ts
> git ls-files --stage -- /home/damian/angular/angular-node/server/src/routes/gamesRoutes.ts
> git status -z -u
> git symbolic-ref --short HEAD
> git rev-parse master
fatal: argumento ambiguo 'master': revisión desconocida o ruta fuera del árbol de trabajo.
Use '--' para separar las rutas de las revisiones, de esta manera:
'git <comando> [<revisión>...] -- [<archivo>...]'
> git for-each-ref --sort -committerdate --format %(refname) %(objectname)
> git remote --verbose
> git config --get commit.template
> git show --textconv :angular-node/server/src/controllers/gamesControllers.ts
> git ls-files --stage -- /home/damian/angular/angular-node/server/src/controllers/gamesControllers.ts
> git status -z -u
> git symbolic-ref --short HEAD
> git rev-parse master
fatal: argumento ambiguo 'master': revisión desconocida o ruta fuera del árbol de trabajo.
Use '--' para separar las rutas de las revisiones, de esta manera:
'git <comando> [<revisión>...] -- [<archivo>...]'
> git for-each-ref --sort -committerdate --format %(refname) %(objectname)
> git remote --verbose
> git config --get commit.template
> git status -z -u
> git symbolic-ref --short HEAD
> git rev-parse master
fatal: argumento ambiguo 'master': revisión desconocida o ruta fuera del árbol de trabajo.
Use '--' para separar las rutas de las revisiones, de esta manera:
'git <comando> [<revisión>...] -- [<archivo>...]'
> git for-each-ref --sort -committerdate --format %(refname) %(objectname)
> git remote --verbose
> git config --get commit.template
> git show --textconv :angular-node/server/src/routes/gamesRoutes.ts
> git ls-files --stage -- /home/damian/angular/angular-node/server/src/routes/gamesRoutes.ts
> git show --textconv :angular-node/server/src/controllers/gamesControllers.ts
> git ls-files --stage -- /home/damian/angular/angular-node/server/src/controllers/gamesControllers.ts
> git status -z -u
> git symbolic-ref --short HEAD
> git rev-parse master
fatal: argumento ambiguo 'master': revisión desconocida o ruta fuera del árbol de trabajo.
Use '--' para separar las rutas de las revisiones, de esta manera:
'git <comando> [<revisión>...] -- [<archivo>...]'
> git for-each-ref --sort -committerdate --format %(refname) %(objectname)
> git remote --verbose
> git config --get commit.template
> git show --textconv :angular-node/server/src/routes/gamesRoutes.ts
> git ls-files --stage -- /home/damian/angular/angular-node/server/src/routes/gamesRoutes.ts
> git status -z -u
> git symbolic-ref --short HEAD
> git rev-parse master
fatal: argumento ambiguo 'master': revisión desconocida o ruta fuera del árbol de trabajo.
Use '--' para separar las rutas de las revisiones, de esta manera:
'git <comando> [<revisión>...] -- [<archivo>...]'
> git for-each-ref --sort -committerdate --format %(refname) %(objectname)
> git remote --verbose
> git config --get commit.template
> git show --textconv :angular-node/server/src/controllers/gamesControllers.ts
> git ls-files --stage -- /home/damian/angular/angular-node/server/src/controllers/gamesControllers.ts
> git show --textconv :angular-node/server/src/routes/gamesRoutes.ts
> git ls-files --stage -- /home/damian/angular/angular-node/server/src/routes/gamesRoutes.ts
> git show --textconv :angular-node/server/src/controllers/gamesControllers.ts
> git ls-files --stage -- /home/damian/angular/angular-node/server/src/controllers/gamesControllers.ts
> git status -z -u
> git symbolic-ref --short HEAD
> git rev-parse master
fatal: argumento ambiguo 'master': revisión desconocida o ruta fuera del árbol de trabajo.
Use '--' para separar las rutas de las revisiones, de esta manera:
'git <comando> [<revisión>...] -- [<archivo>...]'
> git for-each-ref --sort -committerdate --format %(refname) %(objectname)
> git remote --verbose
> git config --get commit.template
> git status -z -u
> git symbolic-ref --short HEAD
> git rev-parse master
fatal: argumento ambiguo 'master': revisión desconocida o ruta fuera del árbol de trabajo.
Use '--' para separar las rutas de las revisiones, de esta manera:
'git <comando> [<revisión>...] -- [<archivo>...]'
> git for-each-ref --sort -committerdate --format %(refname) %(objectname)
> git remote --verbose
> git config --get commit.template
> git show --textconv :angular-node/server/src/routes/gamesRoutes.ts
> git ls-files --stage -- /home/damian/angular/angular-node/server/src/routes/gamesRoutes.ts
> git show --textconv :angular-node/server/src/controllers/gamesControllers.ts
> git ls-files --stage -- /home/damian/angular/angular-node/server/src/controllers/gamesControllers.ts
> git status -z -u
> git symbolic-ref --short HEAD
> git rev-parse master
fatal: argumento ambiguo 'master': revisión desconocida o ruta fuera del árbol de trabajo.
Use '--' para separar las rutas de las revisiones, de esta manera:
'git <comando> [<revisión>...] -- [<archivo>...]'
> git for-each-ref --sort -committerdate --format %(refname) %(objectname)
> git remote --verbose
> git config --get commit.template
> git status -z -u
> git symbolic-ref --short HEAD
> git rev-parse master
fatal: argumento ambiguo 'master': revisión desconocida o ruta fuera del árbol de trabajo.
Use '--' para separar las rutas de las revisiones, de esta manera:
'git <comando> [<revisión>...] -- [<archivo>...]'
> git for-each-ref --sort -committerdate --format %(refname) %(objectname)
> git remote --verbose
> git config --get commit.template
> git status -z -u
> git symbolic-ref --short HEAD
> git rev-parse master
fatal: argumento ambiguo 'master': revisión desconocida o ruta fuera del árbol de trabajo.
Use '--' para separar las rutas de las revisiones, de esta manera:
'git <comando> [<revisión>...] -- [<archivo>...]'
> git for-each-ref --sort -committerdate --format %(refname) %(objectname)
> git remote --verbose
> git config --get commit.template
> git status -z -u
> git symbolic-ref --short HEAD
> git rev-parse master
fatal: argumento ambiguo 'master': revisión desconocida o ruta fuera del árbol de trabajo.
Use '--' para separar las rutas de las revisiones, de esta manera:
'git <comando> [<revisión>...] -- [<archivo>...]'
> git for-each-ref --sort -committerdate --format %(refname) %(objectname)
> git remote --verbose
> git config --get commit.template
> git status -z -u
> git symbolic-ref --short HEAD
> git rev-parse master
fatal: argumento ambiguo 'master': revisión desconocida o ruta fuera del árbol de trabajo.
Use '--' para separar las rutas de las revisiones, de esta manera:
'git <comando> [<revisión>...] -- [<archivo>...]'
> git for-each-ref --sort -committerdate --format %(refname) %(objectname)
> git remote --verbose
> git config --get commit.template
> git show --textconv :angular-node/server/src/routes/gamesRoutes.ts
> git ls-files --stage -- /home/damian/angular/angular-node/server/src/routes/gamesRoutes.ts
> git show --textconv :angular-node/server/src/controllers/gamesControllers.ts
> git ls-files --stage -- /home/damian/angular/angular-node/server/src/controllers/gamesControllers.ts
> git status -z -u
> git symbolic-ref --short HEAD
> git rev-parse master
fatal: argumento ambiguo 'master': revisión desconocida o ruta fuera del árbol de trabajo.
Use '--' para separar las rutas de las revisiones, de esta manera:
'git <comando> [<revisión>...] -- [<archivo>...]'
> git for-each-ref --sort -committerdate --format %(refname) %(objectname)
> git remote --verbose
> git config --get commit.template
> git status -z -u
> git symbolic-ref --short HEAD
> git rev-parse master
fatal: argumento ambiguo 'master': revisión desconocida o ruta fuera del árbol de trabajo.
Use '--' para separar las rutas de las revisiones, de esta manera:
'git <comando> [<revisión>...] -- [<archivo>...]'
> git for-each-ref --sort -committerdate --format %(refname) %(objectname)
> git remote --verbose
> git config --get commit.template
> git status -z -u
> git symbolic-ref --short HEAD
> git rev-parse master
fatal: argumento ambiguo 'master': revisión desconocida o ruta fuera del árbol de trabajo.
Use '--' para separar las rutas de las revisiones, de esta manera:
'git <comando> [<revisión>...] -- [<archivo>...]'
> git for-each-ref --sort -committerdate --format %(refname) %(objectname)
> git remote --verbose
> git config --get commit.template
> git status -z -u
> git symbolic-ref --short HEAD
> git rev-parse master
fatal: argumento ambiguo 'master': revisión desconocida o ruta fuera del árbol de trabajo.
Use '--' para separar las rutas de las revisiones, de esta manera:
'git <comando> [<revisión>...] -- [<archivo>...]'
> git for-each-ref --sort -committerdate --format %(refname) %(objectname)
> git remote --verbose
> git config --get commit.template
> git status -z -u
> git symbolic-ref --short HEAD
> git rev-parse master
fatal: argumento ambiguo 'master': revisión desconocida o ruta fuera del árbol de trabajo.
Use '--' para separar las rutas de las revisiones, de esta manera:
'git <comando> [<revisión>...] -- [<archivo>...]'
> git for-each-ref --sort -committerdate --format %(refname) %(objectname)
> git remote --verbose
> git config --get commit.template
> git status -z -u
> git symbolic-ref --short HEAD
> git rev-parse master
fatal: argumento ambiguo 'master': revisión desconocida o ruta fuera del árbol de trabajo.
Use '--' para separar las rutas de las revisiones, de esta manera:
'git <comando> [<revisión>...] -- [<archivo>...]'
> git for-each-ref --sort -committerdate --format %(refname) %(objectname)
> git remote --verbose
> git config --get commit.template
> git status -z -u
> git symbolic-ref --short HEAD
> git rev-parse master
fatal: argumento ambiguo 'master': revisión desconocida o ruta fuera del árbol de trabajo.
Use '--' para separar las rutas de las revisiones, de esta manera:
'git <comando> [<revisión>...] -- [<archivo>...]'
> git for-each-ref --sort -committerdate --format %(refname) %(objectname)
> git remote --verbose
> git config --get commit.template
> git status -z -u
> git symbolic-ref --short HEAD
> git rev-parse master
fatal: argumento ambiguo 'master': revisión desconocida o ruta fuera del árbol de trabajo.
Use '--' para separar las rutas de las revisiones, de esta manera:
'git <comando> [<revisión>...] -- [<archivo>...]'
> git for-each-ref --sort -committerdate --format %(refname) %(objectname)
> git remote --verbose
> git config --get commit.template
> git status -z -u
> git symbolic-ref --short HEAD
> git rev-parse master
fatal: argumento ambiguo 'master': revisión desconocida o ruta fuera del árbol de trabajo.
Use '--' para separar las rutas de las revisiones, de esta manera:
'git <comando> [<revisión>...] -- [<archivo>...]'
> git for-each-ref --sort -committerdate --format %(refname) %(objectname)
> git remote --verbose
> git config --get commit.template
> git status -z -u
> git symbolic-ref --short HEAD
> git rev-parse master
fatal: argumento ambiguo 'master': revisión desconocida o ruta fuera del árbol de trabajo.
Use '--' para separar las rutas de las revisiones, de esta manera:
'git <comando> [<revisión>...] -- [<archivo>...]'
> git for-each-ref --sort -committerdate --format %(refname) %(objectname)
> git remote --verbose
> git config --get commit.template
> git status -z -u
> git symbolic-ref --short HEAD
> git rev-parse master
fatal: argumento ambiguo 'master': revisión desconocida o ruta fuera del árbol de trabajo.
Use '--' para separar las rutas de las revisiones, de esta manera:
'git <comando> [<revisión>...] -- [<archivo>...]'
> git for-each-ref --sort -committerdate --format %(refname) %(objectname)
> git remote --verbose
> git config --get commit.template
> git status -z -u
> git symbolic-ref --short HEAD
> git rev-parse master
fatal: argumento ambiguo 'master': revisión desconocida o ruta fuera del árbol de trabajo.
Use '--' para separar las rutas de las revisiones, de esta manera:
'git <comando> [<revisión>...] -- [<archivo>...]'
> git for-each-ref --sort -committerdate --format %(refname) %(objectname)
> git remote --verbose
> git config --get commit.template
> git status -z -u
> git symbolic-ref --short HEAD
> git rev-parse master
fatal: argumento ambiguo 'master': revisión desconocida o ruta fuera del árbol de trabajo.
Use '--' para separar las rutas de las revisiones, de esta manera:
'git <comando> [<revisión>...] -- [<archivo>...]'
> git for-each-ref --sort -committerdate --format %(refname) %(objectname)
> git remote --verbose
> git config --get commit.template
> git status -z -u
> git symbolic-ref --short HEAD
> git rev-parse master
fatal: argumento ambiguo 'master': revisión desconocida o ruta fuera del árbol de trabajo.
Use '--' para separar las rutas de las revisiones, de esta manera:
'git <comando> [<revisión>...] -- [<archivo>...]'
> git for-each-ref --sort -committerdate --format %(refname) %(objectname)
> git remote --verbose
> git config --get commit.template
> git status -z -u
> git symbolic-ref --short HEAD
> git rev-parse master
fatal: argumento ambiguo 'master': revisión desconocida o ruta fuera del árbol de trabajo.
Use '--' para separar las rutas de las revisiones, de esta manera:
'git <comando> [<revisión>...] -- [<archivo>...]'
> git for-each-ref --sort -committerdate --format %(refname) %(objectname)
> git remote --verbose
> git config --get commit.template
> git status -z -u
> git symbolic-ref --short HEAD
> git rev-parse master
fatal: argumento ambiguo 'master': revisión desconocida o ruta fuera del árbol de trabajo.
Use '--' para separar las rutas de las revisiones, de esta manera:
'git <comando> [<revisión>...] -- [<archivo>...]'
> git for-each-ref --sort -committerdate --format %(refname) %(objectname)
> git remote --verbose
> git config --get commit.template
> git status -z -u
> git symbolic-ref --short HEAD
> git rev-parse master
fatal: argumento ambiguo 'master': revisión desconocida o ruta fuera del árbol de trabajo.
Use '--' para separar las rutas de las revisiones, de esta manera:
'git <comando> [<revisión>...] -- [<archivo>...]'
> git for-each-ref --sort -committerdate --format %(refname) %(objectname)
> git remote --verbose
> git config --get commit.template
> git status -z -u
> git symbolic-ref --short HEAD
> git rev-parse master
fatal: argumento ambiguo 'master': revisión desconocida o ruta fuera del árbol de trabajo.
Use '--' para separar las rutas de las revisiones, de esta manera:
'git <comando> [<revisión>...] -- [<archivo>...]'
> git for-each-ref --sort -committerdate --format %(refname) %(objectname)
> git remote --verbose
> git config --get commit.template
> git status -z -u
> git symbolic-ref --short HEAD
> git rev-parse master
fatal: argumento ambiguo 'master': revisión desconocida o ruta fuera del árbol de trabajo.
Use '--' para separar las rutas de las revisiones, de esta manera:
'git <comando> [<revisión>...] -- [<archivo>...]'
> git for-each-ref --sort -committerdate --format %(refname) %(objectname)
> git remote --verbose
> git config --get commit.template
> git status -z -u
> git symbolic-ref --short HEAD
> git rev-parse master
fatal: argumento ambiguo 'master': revisión desconocida o ruta fuera del árbol de trabajo.
Use '--' para separar las rutas de las revisiones, de esta manera:
'git <comando> [<revisión>...] -- [<archivo>...]'
> git for-each-ref --sort -committerdate --format %(refname) %(objectname)
> git remote --verbose
> git config --get commit.template
> git status -z -u
> git symbolic-ref --short HEAD
> git rev-parse master
fatal: argumento ambiguo 'master': revisión desconocida o ruta fuera del árbol de trabajo.
Use '--' para separar las rutas de las revisiones, de esta manera:
'git <comando> [<revisión>...] -- [<archivo>...]'
> git for-each-ref --sort -committerdate --format %(refname) %(objectname)
> git remote --verbose
> git config --get commit.template
> git status -z -u
> git symbolic-ref --short HEAD
> git rev-parse master
fatal: argumento ambiguo 'master': revisión desconocida o ruta fuera del árbol de trabajo.
Use '--' para separar las rutas de las revisiones, de esta manera:
'git <comando> [<revisión>...] -- [<archivo>...]'
> git for-each-ref --sort -committerdate --format %(refname) %(objectname)
> git remote --verbose
> git config --get commit.template
> git status -z -u
> git symbolic-ref --short HEAD
> git rev-parse master
fatal: argumento ambiguo 'master': revisión desconocida o ruta fuera del árbol de trabajo.
Use '--' para separar las rutas de las revisiones, de esta manera:
'git <comando> [<revisión>...] -- [<archivo>...]'
> git for-each-ref --sort -committerdate --format %(refname) %(objectname)
> git remote --verbose
> git config --get commit.template
> git status -z -u
> git symbolic-ref --short HEAD
> git rev-parse master
fatal: argumento ambiguo 'master': revisión desconocida o ruta fuera del árbol de trabajo.
Use '--' para separar las rutas de las revisiones, de esta manera:
'git <comando> [<revisión>...] -- [<archivo>...]'
> git for-each-ref --sort -committerdate --format %(refname) %(objectname)
> git remote --verbose
> git config --get commit.template
> git status -z -u
> git symbolic-ref --short HEAD
> git rev-parse master
fatal: argumento ambiguo 'master': revisión desconocida o ruta fuera del árbol de trabajo.
Use '--' para separar las rutas de las revisiones, de esta manera:
'git <comando> [<revisión>...] -- [<archivo>...]'
> git for-each-ref --sort -committerdate --format %(refname) %(objectname)
> git remote --verbose
> git config --get commit.template
> git status -z -u
> git symbolic-ref --short HEAD
> git rev-parse master
fatal: argumento ambiguo 'master': revisión desconocida o ruta fuera del árbol de trabajo.
Use '--' para separar las rutas de las revisiones, de esta manera:
'git <comando> [<revisión>...] -- [<archivo>...]'
> git for-each-ref --sort -committerdate --format %(refname) %(objectname)
> git remote --verbose
> git config --get commit.template
> git status -z -u
> git symbolic-ref --short HEAD
> git rev-parse master
fatal: argumento ambiguo 'master': revisión desconocida o ruta fuera del árbol de trabajo.
Use '--' para separar las rutas de las revisiones, de esta manera:
'git <comando> [<revisión>...] -- [<archivo>...]'
> git for-each-ref --sort -committerdate --format %(refname) %(objectname)
> git remote --verbose
> git config --get commit.template
> git status -z -u
> git symbolic-ref --short HEAD
> git rev-parse master
fatal: argumento ambiguo 'master': revisión desconocida o ruta fuera del árbol de trabajo.
Use '--' para separar las rutas de las revisiones, de esta manera:
'git <comando> [<revisión>...] -- [<archivo>...]'
> git for-each-ref --sort -committerdate --format %(refname) %(objectname)
> git remote --verbose
> git config --get commit.template
> git show --textconv :angular-node/server/src/database.ts
> git ls-files --stage -- /home/damian/angular/angular-node/server/src/database.ts
> git status -z -u
> git symbolic-ref --short HEAD
> git rev-parse master
fatal: argumento ambiguo 'master': revisión desconocida o ruta fuera del árbol de trabajo.
Use '--' para separar las rutas de las revisiones, de esta manera:
'git <comando> [<revisión>...] -- [<archivo>...]'
> git for-each-ref --sort -committerdate --format %(refname) %(objectname)
> git remote --verbose
> git config --get commit.template
> git status -z -u
> git symbolic-ref --short HEAD
> git rev-parse master
fatal: argumento ambiguo 'master': revisión desconocida o ruta fuera del árbol de trabajo.
Use '--' para separar las rutas de las revisiones, de esta manera:
'git <comando> [<revisión>...] -- [<archivo>...]'
> git for-each-ref --sort -committerdate --format %(refname) %(objectname)
> git remote --verbose
> git config --get commit.template
> git show --textconv :angular-node/server/src/routes/gamesRoutes.ts
> git ls-files --stage -- /home/damian/angular/angular-node/server/src/routes/gamesRoutes.ts
> git show --textconv :angular-node/server/src/controllers/gamesControllers.ts
> git ls-files --stage -- /home/damian/angular/angular-node/server/src/controllers/gamesControllers.ts
> git status -z -u
> git symbolic-ref --short HEAD
> git rev-parse master
fatal: argumento ambiguo 'master': revisión desconocida o ruta fuera del árbol de trabajo.
Use '--' para separar las rutas de las revisiones, de esta manera:
'git <comando> [<revisión>...] -- [<archivo>...]'
> git for-each-ref --sort -committerdate --format %(refname) %(objectname)
> git remote --verbose
> git config --get commit.template
> git show --textconv :angular-node/server/src/database.ts
> git ls-files --stage -- /home/damian/angular/angular-node/server/src/database.ts
> git show --textconv :angular-node/server/src/controllers/gamesControllers.ts
> git ls-files --stage -- /home/damian/angular/angular-node/server/src/controllers/gamesControllers.ts
> git show --textconv :angular-node/server/src/keys.ts
> git ls-files --stage -- /home/damian/angular/angular-node/server/src/keys.ts
> git show --textconv :angular-node/server/src/database.ts
> git ls-files --stage -- /home/damian/angular/angular-node/server/src/database.ts
> git status -z -u
> git symbolic-ref --short HEAD
> git rev-parse master
fatal: argumento ambiguo 'master': revisión desconocida o ruta fuera del árbol de trabajo.
Use '--' para separar las rutas de las revisiones, de esta manera:
'git <comando> [<revisión>...] -- [<archivo>...]'
> git for-each-ref --sort -committerdate --format %(refname) %(objectname)
> git remote --verbose
> git config --get commit.template
> git show --textconv :angular-node/server/src/routes/gamesRoutes.ts
> git ls-files --stage -- /home/damian/angular/angular-node/server/src/routes/gamesRoutes.ts
> git show --textconv :angular-node/server/src/controllers/gamesControllers.ts
> git ls-files --stage -- /home/damian/angular/angular-node/server/src/controllers/gamesControllers.ts
> git status -z -u
> git symbolic-ref --short HEAD
> git rev-parse master
fatal: argumento ambiguo 'master': revisión desconocida o ruta fuera del árbol de trabajo.
Use '--' para separar las rutas de las revisiones, de esta manera:
'git <comando> [<revisión>...] -- [<archivo>...]'
> git for-each-ref --sort -committerdate --format %(refname) %(objectname)
> git remote --verbose
> git config --get commit.template
> git status -z -u
> git symbolic-ref --short HEAD
> git rev-parse master
fatal: argumento ambiguo 'master': revisión desconocida o ruta fuera del árbol de trabajo.
Use '--' para separar las rutas de las revisiones, de esta manera:
'git <comando> [<revisión>...] -- [<archivo>...]'
> git for-each-ref --sort -committerdate --format %(refname) %(objectname)
> git remote --verbose
> git config --get commit.template
> git status -z -u
> git symbolic-ref --short HEAD
> git rev-parse master
fatal: argumento ambiguo 'master': revisión desconocida o ruta fuera del árbol de trabajo.
Use '--' para separar las rutas de las revisiones, de esta manera:
'git <comando> [<revisión>...] -- [<archivo>...]'
> git for-each-ref --sort -committerdate --format %(refname) %(objectname)
> git remote --verbose
> git config --get commit.template
> git show --textconv :angular-node/server/src/database.ts
> git ls-files --stage -- /home/damian/angular/angular-node/server/src/database.ts
> git status -z -u
> git symbolic-ref --short HEAD
> git rev-parse master
fatal: argumento ambiguo 'master': revisión desconocida o ruta fuera del árbol de trabajo.
Use '--' para separar las rutas de las revisiones, de esta manera:
'git <comando> [<revisión>...] -- [<archivo>...]'
> git for-each-ref --sort -committerdate --format %(refname) %(objectname)
> git remote --verbose
> git config --get commit.template
> git show --textconv :angular-node/server/src/routes/gamesRoutes.ts
> git ls-files --stage -- /home/damian/angular/angular-node/server/src/routes/gamesRoutes.ts
> git show --textconv :angular-node/server/src/controllers/gamesControllers.ts
> git ls-files --stage -- /home/damian/angular/angular-node/server/src/controllers/gamesControllers.ts
> git status -z -u
> git symbolic-ref --short HEAD
> git rev-parse master
fatal: argumento ambiguo 'master': revisión desconocida o ruta fuera del árbol de trabajo.
Use '--' para separar las rutas de las revisiones, de esta manera:
'git <comando> [<revisión>...] -- [<archivo>...]'
> git for-each-ref --sort -committerdate --format %(refname) %(objectname)
> git remote --verbose
> git config --get commit.template
> git show --textconv :angular-node/server/src/database.ts
> git ls-files --stage -- /home/damian/angular/angular-node/server/src/database.ts
> git status -z -u
> git symbolic-ref --short HEAD
> git rev-parse master
fatal: argumento ambiguo 'master': revisión desconocida o ruta fuera del árbol de trabajo.
Use '--' para separar las rutas de las revisiones, de esta manera:
'git <comando> [<revisión>...] -- [<archivo>...]'
> git for-each-ref --sort -committerdate --format %(refname) %(objectname)
> git remote --verbose
> git config --get commit.template
> git show --textconv :angular-node/server/src/routes/gamesRoutes.ts
> git ls-files --stage -- /home/damian/angular/angular-node/server/src/routes/gamesRoutes.ts
> git show --textconv :angular-node/server/package.json
> git ls-files --stage -- /home/damian/angular/angular-node/server/package.json
> git status -z -u
> git symbolic-ref --short HEAD
> git rev-parse master
fatal: argumento ambiguo 'master': revisión desconocida o ruta fuera del árbol de trabajo.
Use '--' para separar las rutas de las revisiones, de esta manera:
'git <comando> [<revisión>...] -- [<archivo>...]'
> git for-each-ref --sort -committerdate --format %(refname) %(objectname)
> git remote --verbose
> git config --get commit.template
> git status -z -u
> git symbolic-ref --short HEAD
> git rev-parse master
fatal: argumento ambiguo 'master': revisión desconocida o ruta fuera del árbol de trabajo.
Use '--' para separar las rutas de las revisiones, de esta manera:
'git <comando> [<revisión>...] -- [<archivo>...]'
> git for-each-ref --sort -committerdate --format %(refname) %(objectname)
> git remote --verbose
> git config --get commit.template
> git status -z -u
> git symbolic-ref --short HEAD
> git rev-parse master
fatal: argumento ambiguo 'master': revisión desconocida o ruta fuera del árbol de trabajo.
Use '--' para separar las rutas de las revisiones, de esta manera:
'git <comando> [<revisión>...] -- [<archivo>...]'
> git for-each-ref --sort -committerdate --format %(refname) %(objectname)
> git remote --verbose
> git config --get commit.template
