[2020-09-07 18:14:16.894] [sharedprocess] [info] main {"machineId":"07652bcb3add2ba5f101c805fc86616b08138d46723286227a85906dc781c634","windowId":2}
[2020-09-07 18:14:16.942] [sharedprocess] [error] [File Watcher (node.js)] Error: ENOENT: no such file or directory, stat '/home/damian/angular/angular-node/~/.vscode-root/User/snippets'
[2020-09-07 18:14:56.920] [sharedprocess] [info] Starting to clean up unused language packs.
[2020-09-07 18:18:34.985] [sharedprocess] [info] Installing extension: donjayamanne.git-extension-pack
[2020-09-07 18:18:35.636] [sharedprocess] [info] Downloaded extension: donjayamanne.git-extension-pack /home/damian/angular/angular-node/~/.vscode-root/CachedExtensionVSIXs/donjayamanne.git-extension-pack-0.1.3
[2020-09-07 18:18:35.666] [sharedprocess] [info] Extracted extension to /root/.vscode/extensions/.donjayamanne.git-extension-pack-0.1.3: donjayamanne.git-extension-pack
[2020-09-07 18:18:35.666] [sharedprocess] [info] Renamed to /root/.vscode/extensions/donjayamanne.git-extension-pack-0.1.3
[2020-09-07 18:18:35.667] [sharedprocess] [info] Installation completed. donjayamanne.git-extension-pack
[2020-09-07 18:18:35.965] [sharedprocess] [info] Installing extension: eamodio.gitlens
[2020-09-07 18:18:35.966] [sharedprocess] [info] Installing extension: donjayamanne.githistory
[2020-09-07 18:18:35.966] [sharedprocess] [info] Installing extension: alefragnani.project-manager
[2020-09-07 18:18:35.966] [sharedprocess] [info] Installing extension: codezombiech.gitignore
[2020-09-07 18:18:35.966] [sharedprocess] [info] Installing extension: ziyasal.vscode-open-in-github
[2020-09-07 18:18:36.334] [sharedprocess] [info] Downloaded extension: donjayamanne.githistory /home/damian/angular/angular-node/~/.vscode-root/CachedExtensionVSIXs/donjayamanne.githistory-0.6.9
[2020-09-07 18:18:36.433] [sharedprocess] [info] Downloaded extension: eamodio.gitlens /home/damian/angular/angular-node/~/.vscode-root/CachedExtensionVSIXs/eamodio.gitlens-10.2.2
[2020-09-07 18:18:36.486] [sharedprocess] [info] Extracted extension to /root/.vscode/extensions/.donjayamanne.githistory-0.6.9: donjayamanne.githistory
[2020-09-07 18:18:36.486] [sharedprocess] [info] Renamed to /root/.vscode/extensions/donjayamanne.githistory-0.6.9
[2020-09-07 18:18:36.487] [sharedprocess] [info] Installation completed. donjayamanne.githistory
[2020-09-07 18:18:36.491] [sharedprocess] [info] Extensions installed successfully: donjayamanne.githistory
[2020-09-07 18:18:36.780] [sharedprocess] [info] Downloaded extension: alefragnani.project-manager /home/damian/angular/angular-node/~/.vscode-root/CachedExtensionVSIXs/alefragnani.project-manager-11.3.0
[2020-09-07 18:18:37.037] [sharedprocess] [info] Extracted extension to /root/.vscode/extensions/.alefragnani.project-manager-11.3.0: alefragnani.project-manager
[2020-09-07 18:18:37.037] [sharedprocess] [info] Renamed to /root/.vscode/extensions/alefragnani.project-manager-11.3.0
[2020-09-07 18:18:37.039] [sharedprocess] [info] Installation completed. alefragnani.project-manager
[2020-09-07 18:18:37.044] [sharedprocess] [info] Extensions installed successfully: alefragnani.project-manager
[2020-09-07 18:18:37.135] [sharedprocess] [info] Extracted extension to /root/.vscode/extensions/.eamodio.gitlens-10.2.2: eamodio.gitlens
[2020-09-07 18:18:37.135] [sharedprocess] [info] Renamed to /root/.vscode/extensions/eamodio.gitlens-10.2.2
[2020-09-07 18:18:37.179] [sharedprocess] [info] Installation completed. eamodio.gitlens
[2020-09-07 18:18:37.199] [sharedprocess] [info] Extensions installed successfully: eamodio.gitlens
[2020-09-07 18:18:37.686] [sharedprocess] [info] Downloaded extension: codezombiech.gitignore /home/damian/angular/angular-node/~/.vscode-root/CachedExtensionVSIXs/codezombiech.gitignore-0.6.0
[2020-09-07 18:18:39.112] [sharedprocess] [info] Extracted extension to /root/.vscode/extensions/.codezombiech.gitignore-0.6.0: codezombiech.gitignore
[2020-09-07 18:18:39.112] [sharedprocess] [info] Renamed to /root/.vscode/extensions/codezombiech.gitignore-0.6.0
[2020-09-07 18:18:39.113] [sharedprocess] [info] Installation completed. codezombiech.gitignore
[2020-09-07 18:18:39.121] [sharedprocess] [info] Extensions installed successfully: codezombiech.gitignore
[2020-09-07 18:18:41.728] [sharedprocess] [info] Downloaded extension: ziyasal.vscode-open-in-github /home/damian/angular/angular-node/~/.vscode-root/CachedExtensionVSIXs/ziyasal.vscode-open-in-github-1.3.6
[2020-09-07 18:18:41.862] [sharedprocess] [info] Extracted extension to /root/.vscode/extensions/.ziyasal.vscode-open-in-github-1.3.6: ziyasal.vscode-open-in-github
[2020-09-07 18:18:41.862] [sharedprocess] [info] Renamed to /root/.vscode/extensions/ziyasal.vscode-open-in-github-1.3.6
[2020-09-07 18:18:41.862] [sharedprocess] [info] Installation completed. ziyasal.vscode-open-in-github
[2020-09-07 18:18:41.866] [sharedprocess] [info] Extensions installed successfully: ziyasal.vscode-open-in-github
[2020-09-07 18:18:41.866] [sharedprocess] [info] Extensions installed successfully: donjayamanne.git-extension-pack
