[2020-09-07 12:31:20.288] [exthost] [info] extension host started
[2020-09-07 12:31:20.339] [exthost] [info] ExtensionService#_doActivateExtension vscode.microsoft-authentication {"startup":false,"extensionId":{"value":"vscode.microsoft-authentication","_lower":"vscode.microsoft-authentication"},"activationEvent":"onAuthenticationRequest:microsoft"}
[2020-09-07 12:31:20.339] [exthost] [info] ExtensionService#loadCommonJSModule file:///usr/share/code/resources/app/extensions/microsoft-authentication/dist/extension.js
[2020-09-07 12:31:20.353] [exthost] [info] ExtensionService#_doActivateExtension vscode.github-authentication {"startup":false,"extensionId":{"value":"vscode.github-authentication","_lower":"vscode.github-authentication"},"activationEvent":"onAuthenticationRequest:github"}
[2020-09-07 12:31:20.353] [exthost] [info] ExtensionService#loadCommonJSModule file:///usr/share/code/resources/app/extensions/github-authentication/dist/extension.js
[2020-09-07 12:31:20.364] [exthost] [info] ExtensionService#_doActivateExtension vscode.debug-auto-launch {"startup":true,"extensionId":{"value":"vscode.debug-auto-launch","_lower":"vscode.debug-auto-launch"},"activationEvent":"*"}
[2020-09-07 12:31:20.364] [exthost] [info] ExtensionService#loadCommonJSModule file:///usr/share/code/resources/app/extensions/debug-auto-launch/dist/extension
[2020-09-07 12:31:20.366] [exthost] [info] ExtensionService#_doActivateExtension vscode.emmet {"startup":true,"extensionId":{"value":"vscode.emmet","_lower":"vscode.emmet"},"activationEvent":"*"}
[2020-09-07 12:31:20.366] [exthost] [info] ExtensionService#loadCommonJSModule file:///usr/share/code/resources/app/extensions/emmet/dist/node/emmetNodeMain
[2020-09-07 12:31:20.384] [exthost] [info] ExtensionService#_doActivateExtension vscode.git {"startup":true,"extensionId":{"value":"vscode.github","_lower":"vscode.github"},"activationEvent":"*"}
[2020-09-07 12:31:20.384] [exthost] [info] ExtensionService#loadCommonJSModule file:///usr/share/code/resources/app/extensions/git/dist/main
[2020-09-07 12:31:20.423] [exthost] [info] ExtensionService#_doActivateExtension vscode.merge-conflict {"startup":true,"extensionId":{"value":"vscode.merge-conflict","_lower":"vscode.merge-conflict"},"activationEvent":"*"}
[2020-09-07 12:31:20.423] [exthost] [info] ExtensionService#loadCommonJSModule file:///usr/share/code/resources/app/extensions/merge-conflict/dist/mergeConflictMain
[2020-09-07 12:31:20.430] [exthost] [info] ExtensionService#_doActivateExtension vscode.search-result {"startup":true,"extensionId":{"value":"vscode.search-result","_lower":"vscode.search-result"},"activationEvent":"*"}
[2020-09-07 12:31:20.431] [exthost] [info] ExtensionService#loadCommonJSModule file:///usr/share/code/resources/app/extensions/search-result/dist/extension.js
[2020-09-07 12:31:20.508] [exthost] [info] ExtensionService#_doActivateExtension vscode.github {"startup":true,"extensionId":{"value":"vscode.github","_lower":"vscode.github"},"activationEvent":"*"}
[2020-09-07 12:31:20.508] [exthost] [info] ExtensionService#loadCommonJSModule file:///usr/share/code/resources/app/extensions/github/dist/extension.js
[2020-09-07 12:31:20.533] [exthost] [info] eager extensions activated
[2020-09-07 12:34:29.374] [exthost] [info] ExtensionService#_doActivateExtension vscode.configuration-editing {"startup":false,"extensionId":{"value":"vscode.configuration-editing","_lower":"vscode.configuration-editing"},"activationEvent":"onLanguage:json"}
[2020-09-07 12:34:29.374] [exthost] [info] ExtensionService#loadCommonJSModule file:///usr/share/code/resources/app/extensions/configuration-editing/dist/configurationEditingMain
[2020-09-07 12:34:29.380] [exthost] [info] ExtensionService#_doActivateExtension vscode.extension-editing {"startup":false,"extensionId":{"value":"vscode.extension-editing","_lower":"vscode.extension-editing"},"activationEvent":"onLanguage:json"}
[2020-09-07 12:34:29.380] [exthost] [info] ExtensionService#loadCommonJSModule file:///usr/share/code/resources/app/extensions/extension-editing/dist/extensionEditingMain
[2020-09-07 12:34:29.395] [exthost] [info] ExtensionService#_doActivateExtension vscode.json-language-features {"startup":false,"extensionId":{"value":"vscode.json-language-features","_lower":"vscode.json-language-features"},"activationEvent":"onLanguage:json"}
[2020-09-07 12:34:29.395] [exthost] [info] ExtensionService#loadCommonJSModule file:///usr/share/code/resources/app/extensions/json-language-features/client/dist/node/jsonClientMain
[2020-09-07 12:34:29.438] [exthost] [info] ExtensionService#_doActivateExtension ms-vscode.js-debug {"startup":false,"extensionId":{"value":"ms-vscode.js-debug","_lower":"ms-vscode.js-debug"},"activationEvent":"onLanguage:json"}
[2020-09-07 12:34:29.438] [exthost] [info] ExtensionService#loadCommonJSModule file:///usr/share/code/resources/app/extensions/ms-vscode.js-debug/src/extension.js
[2020-09-07 12:34:29.818] [exthost] [info] ExtensionService#_doActivateExtension vscode.npm {"startup":false,"extensionId":{"value":"vscode.npm","_lower":"vscode.npm"},"activationEvent":"onLanguage:json"}
[2020-09-07 12:34:29.818] [exthost] [info] ExtensionService#loadCommonJSModule file:///usr/share/code/resources/app/extensions/npm/dist/npmMain
[2020-09-07 12:34:30.073] [exthost] [info] ExtensionService#_doActivateExtension vscode.typescript-language-features {"startup":false,"extensionId":{"value":"vscode.typescript-language-features","_lower":"vscode.typescript-language-features"},"activationEvent":"onLanguage:jsonc"}
[2020-09-07 12:34:30.073] [exthost] [info] ExtensionService#loadCommonJSModule file:///usr/share/code/resources/app/extensions/typescript-language-features/dist/extension
[2020-09-07 16:55:28.428] [exthost] [error] [vscode.typescript-language-features] provider FAILED
[2020-09-07 16:55:28.431] [exthost] [error] Error: <syntax> TypeScript Server Error (3.9.7)
Debug Failure. False expression: Expected line to be non-zero
Error: Debug Failure. False expression: Expected line to be non-zero
    at failIfInvalidLocation (/usr/share/code/resources/app/extensions/node_modules/typescript/lib/tsserver.js:142445:22)
    at ScriptInfo.positionToLineOffset (/usr/share/code/resources/app/extensions/node_modules/typescript/lib/tsserver.js:142418:17)
    at toProtocolTextSpan (/usr/share/code/resources/app/extensions/node_modules/typescript/lib/tsserver.js:149629:35)
    at /usr/share/code/resources/app/extensions/node_modules/typescript/lib/tsserver.js:149159:68
    at Array.map (<anonymous>)
    at IOSession.Session.toLocationNavigationTree (/usr/share/code/resources/app/extensions/node_modules/typescript/lib/tsserver.js:149159:39)
    at IOSession.Session.getNavigationTree (/usr/share/code/resources/app/extensions/node_modules/typescript/lib/tsserver.js:149170:32)
    at Session.handlers.ts.createMapFromTemplate._a.<computed> (/usr/share/code/resources/app/extensions/node_modules/typescript/lib/tsserver.js:148013:61)
    at /usr/share/code/resources/app/extensions/node_modules/typescript/lib/tsserver.js:149555:88
    at IOSession.Session.executeWithRequestId (/usr/share/code/resources/app/extensions/node_modules/typescript/lib/tsserver.js:149546:28)
    at IOSession.Session.executeCommand (/usr/share/code/resources/app/extensions/node_modules/typescript/lib/tsserver.js:149555:33)
    at IOSession.Session.onMessage (/usr/share/code/resources/app/extensions/node_modules/typescript/lib/tsserver.js:149579:35)
    at Interface.<anonymous> (/usr/share/code/resources/app/extensions/node_modules/typescript/lib/tsserver.js:150895:27)
    at Interface.emit (events.js:203:13)
    at Interface._onLine (readline.js:316:10)
    at Interface._normalWrite (readline.js:461:12)
    at Socket.ondata (readline.js:172:10)
    at Socket.emit (events.js:203:13)
    at addChunk (_stream_readable.js:295:12)
    at readableAddChunk (_stream_readable.js:276:11)
    at Socket.Readable.push (_stream_readable.js:210:10)
    at Pipe.onStreamRead (internal/stream_base_commons.js:166:17)
	at Function.create (/usr/share/code/resources/app/extensions/typescript-language-features/dist/extension.js:1:75328)
	at h.dispatchResponse (/usr/share/code/resources/app/extensions/typescript-language-features/dist/extension.js:1:69203)
	at h.dispatchMessage (/usr/share/code/resources/app/extensions/typescript-language-features/dist/extension.js:1:68123)
	at /usr/share/code/resources/app/extensions/typescript-language-features/dist/extension.js:1:67652
	at l.fire (/usr/share/code/resources/app/out/vs/workbench/services/extensions/node/extensionHostProcess.js:46:222)
	at g.onLengthData (/usr/share/code/resources/app/extensions/typescript-language-features/dist/extension.js:45:60018)
	at Socket.<anonymous> (/usr/share/code/resources/app/extensions/typescript-language-features/dist/extension.js:45:59666)
	at Socket.emit (events.js:203:13)
	at addChunk (_stream_readable.js:295:12)
	at readableAddChunk (_stream_readable.js:276:11)
	at Socket.Readable.push (_stream_readable.js:210:10)
	at Pipe.onStreamRead (internal/stream_base_commons.js:166:17)
[2020-09-07 16:55:31.868] [exthost] [error] [vscode.typescript-language-features] provider FAILED
[2020-09-07 16:55:31.868] [exthost] [error] Error: <syntax> TypeScript Server Error (3.9.7)
Debug Failure. False expression: Expected line to be non-zero
Error: Debug Failure. False expression: Expected line to be non-zero
    at failIfInvalidLocation (/usr/share/code/resources/app/extensions/node_modules/typescript/lib/tsserver.js:142445:22)
    at ScriptInfo.positionToLineOffset (/usr/share/code/resources/app/extensions/node_modules/typescript/lib/tsserver.js:142418:17)
    at toProtocolTextSpan (/usr/share/code/resources/app/extensions/node_modules/typescript/lib/tsserver.js:149629:35)
    at /usr/share/code/resources/app/extensions/node_modules/typescript/lib/tsserver.js:149159:68
    at Array.map (<anonymous>)
    at IOSession.Session.toLocationNavigationTree (/usr/share/code/resources/app/extensions/node_modules/typescript/lib/tsserver.js:149159:39)
    at IOSession.Session.getNavigationTree (/usr/share/code/resources/app/extensions/node_modules/typescript/lib/tsserver.js:149170:32)
    at Session.handlers.ts.createMapFromTemplate._a.<computed> (/usr/share/code/resources/app/extensions/node_modules/typescript/lib/tsserver.js:148013:61)
    at /usr/share/code/resources/app/extensions/node_modules/typescript/lib/tsserver.js:149555:88
    at IOSession.Session.executeWithRequestId (/usr/share/code/resources/app/extensions/node_modules/typescript/lib/tsserver.js:149546:28)
    at IOSession.Session.executeCommand (/usr/share/code/resources/app/extensions/node_modules/typescript/lib/tsserver.js:149555:33)
    at IOSession.Session.onMessage (/usr/share/code/resources/app/extensions/node_modules/typescript/lib/tsserver.js:149579:35)
    at Interface.<anonymous> (/usr/share/code/resources/app/extensions/node_modules/typescript/lib/tsserver.js:150895:27)
    at Interface.emit (events.js:203:13)
    at Interface._onLine (readline.js:316:10)
    at Interface._normalWrite (readline.js:461:12)
    at Socket.ondata (readline.js:172:10)
    at Socket.emit (events.js:203:13)
    at addChunk (_stream_readable.js:295:12)
    at readableAddChunk (_stream_readable.js:276:11)
    at Socket.Readable.push (_stream_readable.js:210:10)
    at Pipe.onStreamRead (internal/stream_base_commons.js:166:17)
	at Function.create (/usr/share/code/resources/app/extensions/typescript-language-features/dist/extension.js:1:75328)
	at h.dispatchResponse (/usr/share/code/resources/app/extensions/typescript-language-features/dist/extension.js:1:69203)
	at h.dispatchMessage (/usr/share/code/resources/app/extensions/typescript-language-features/dist/extension.js:1:68123)
	at /usr/share/code/resources/app/extensions/typescript-language-features/dist/extension.js:1:67652
	at l.fire (/usr/share/code/resources/app/out/vs/workbench/services/extensions/node/extensionHostProcess.js:46:222)
	at g.onLengthData (/usr/share/code/resources/app/extensions/typescript-language-features/dist/extension.js:45:60018)
	at Socket.<anonymous> (/usr/share/code/resources/app/extensions/typescript-language-features/dist/extension.js:45:59666)
	at Socket.emit (events.js:203:13)
	at addChunk (_stream_readable.js:295:12)
	at readableAddChunk (_stream_readable.js:276:11)
	at Socket.Readable.push (_stream_readable.js:210:10)
	at Pipe.onStreamRead (internal/stream_base_commons.js:166:17)
[2020-09-07 17:01:34.094] [exthost] [error] [vscode.typescript-language-features] provider FAILED
[2020-09-07 17:01:34.094] [exthost] [error] Error: <syntax> TypeScript Server Error (3.9.7)
Debug Failure. False expression: Expected line to be non-zero
Error: Debug Failure. False expression: Expected line to be non-zero
    at failIfInvalidLocation (/usr/share/code/resources/app/extensions/node_modules/typescript/lib/tsserver.js:142445:22)
    at ScriptInfo.positionToLineOffset (/usr/share/code/resources/app/extensions/node_modules/typescript/lib/tsserver.js:142418:17)
    at toProtocolTextSpan (/usr/share/code/resources/app/extensions/node_modules/typescript/lib/tsserver.js:149629:35)
    at /usr/share/code/resources/app/extensions/node_modules/typescript/lib/tsserver.js:149159:68
    at Array.map (<anonymous>)
    at IOSession.Session.toLocationNavigationTree (/usr/share/code/resources/app/extensions/node_modules/typescript/lib/tsserver.js:149159:39)
    at IOSession.Session.getNavigationTree (/usr/share/code/resources/app/extensions/node_modules/typescript/lib/tsserver.js:149170:32)
    at Session.handlers.ts.createMapFromTemplate._a.<computed> (/usr/share/code/resources/app/extensions/node_modules/typescript/lib/tsserver.js:148013:61)
    at /usr/share/code/resources/app/extensions/node_modules/typescript/lib/tsserver.js:149555:88
    at IOSession.Session.executeWithRequestId (/usr/share/code/resources/app/extensions/node_modules/typescript/lib/tsserver.js:149546:28)
    at IOSession.Session.executeCommand (/usr/share/code/resources/app/extensions/node_modules/typescript/lib/tsserver.js:149555:33)
    at IOSession.Session.onMessage (/usr/share/code/resources/app/extensions/node_modules/typescript/lib/tsserver.js:149579:35)
    at Interface.<anonymous> (/usr/share/code/resources/app/extensions/node_modules/typescript/lib/tsserver.js:150895:27)
    at Interface.emit (events.js:203:13)
    at Interface._onLine (readline.js:316:10)
    at Interface._normalWrite (readline.js:461:12)
    at Socket.ondata (readline.js:172:10)
    at Socket.emit (events.js:203:13)
    at addChunk (_stream_readable.js:295:12)
    at readableAddChunk (_stream_readable.js:276:11)
    at Socket.Readable.push (_stream_readable.js:210:10)
    at Pipe.onStreamRead (internal/stream_base_commons.js:166:17)
	at Function.create (/usr/share/code/resources/app/extensions/typescript-language-features/dist/extension.js:1:75328)
	at h.dispatchResponse (/usr/share/code/resources/app/extensions/typescript-language-features/dist/extension.js:1:69203)
	at h.dispatchMessage (/usr/share/code/resources/app/extensions/typescript-language-features/dist/extension.js:1:68123)
	at /usr/share/code/resources/app/extensions/typescript-language-features/dist/extension.js:1:67652
	at l.fire (/usr/share/code/resources/app/out/vs/workbench/services/extensions/node/extensionHostProcess.js:46:222)
	at g.onLengthData (/usr/share/code/resources/app/extensions/typescript-language-features/dist/extension.js:45:60018)
	at Socket.<anonymous> (/usr/share/code/resources/app/extensions/typescript-language-features/dist/extension.js:45:59666)
	at Socket.emit (events.js:203:13)
	at addChunk (_stream_readable.js:295:12)
	at readableAddChunk (_stream_readable.js:276:11)
	at Socket.Readable.push (_stream_readable.js:210:10)
	at Pipe.onStreamRead (internal/stream_base_commons.js:166:17)
[2020-09-07 17:02:40.811] [exthost] [error] [vscode.typescript-language-features] provider FAILED
[2020-09-07 17:02:40.811] [exthost] [error] Error: <syntax> TypeScript Server Error (3.9.7)
Debug Failure. False expression: Expected line to be non-zero
Error: Debug Failure. False expression: Expected line to be non-zero
    at failIfInvalidLocation (/usr/share/code/resources/app/extensions/node_modules/typescript/lib/tsserver.js:142445:22)
    at ScriptInfo.positionToLineOffset (/usr/share/code/resources/app/extensions/node_modules/typescript/lib/tsserver.js:142418:17)
    at toProtocolTextSpan (/usr/share/code/resources/app/extensions/node_modules/typescript/lib/tsserver.js:149629:35)
    at /usr/share/code/resources/app/extensions/node_modules/typescript/lib/tsserver.js:149159:68
    at Array.map (<anonymous>)
    at IOSession.Session.toLocationNavigationTree (/usr/share/code/resources/app/extensions/node_modules/typescript/lib/tsserver.js:149159:39)
    at IOSession.Session.getNavigationTree (/usr/share/code/resources/app/extensions/node_modules/typescript/lib/tsserver.js:149170:32)
    at Session.handlers.ts.createMapFromTemplate._a.<computed> (/usr/share/code/resources/app/extensions/node_modules/typescript/lib/tsserver.js:148013:61)
    at /usr/share/code/resources/app/extensions/node_modules/typescript/lib/tsserver.js:149555:88
    at IOSession.Session.executeWithRequestId (/usr/share/code/resources/app/extensions/node_modules/typescript/lib/tsserver.js:149546:28)
    at IOSession.Session.executeCommand (/usr/share/code/resources/app/extensions/node_modules/typescript/lib/tsserver.js:149555:33)
    at IOSession.Session.onMessage (/usr/share/code/resources/app/extensions/node_modules/typescript/lib/tsserver.js:149579:35)
    at Interface.<anonymous> (/usr/share/code/resources/app/extensions/node_modules/typescript/lib/tsserver.js:150895:27)
    at Interface.emit (events.js:203:13)
    at Interface._onLine (readline.js:316:10)
    at Interface._normalWrite (readline.js:461:12)
    at Socket.ondata (readline.js:172:10)
    at Socket.emit (events.js:203:13)
    at addChunk (_stream_readable.js:295:12)
    at readableAddChunk (_stream_readable.js:276:11)
    at Socket.Readable.push (_stream_readable.js:210:10)
    at Pipe.onStreamRead (internal/stream_base_commons.js:166:17)
	at Function.create (/usr/share/code/resources/app/extensions/typescript-language-features/dist/extension.js:1:75328)
	at h.dispatchResponse (/usr/share/code/resources/app/extensions/typescript-language-features/dist/extension.js:1:69203)
	at h.dispatchMessage (/usr/share/code/resources/app/extensions/typescript-language-features/dist/extension.js:1:68123)
	at /usr/share/code/resources/app/extensions/typescript-language-features/dist/extension.js:1:67652
	at l.fire (/usr/share/code/resources/app/out/vs/workbench/services/extensions/node/extensionHostProcess.js:46:222)
	at g.onLengthData (/usr/share/code/resources/app/extensions/typescript-language-features/dist/extension.js:45:60018)
	at Socket.<anonymous> (/usr/share/code/resources/app/extensions/typescript-language-features/dist/extension.js:45:59666)
	at Socket.emit (events.js:203:13)
	at addChunk (_stream_readable.js:295:12)
	at readableAddChunk (_stream_readable.js:276:11)
	at Socket.Readable.push (_stream_readable.js:210:10)
	at Pipe.onStreamRead (internal/stream_base_commons.js:166:17)
